#
# A fatal error has been detected by the Java Runtime Environment:
#
#  Internal Error (jvmciRuntime.cpp:1609), pid=32, tid=46
#  fatal error: Fatal exception in JVMCI: Error calling jdk.vm.ci.services.Services.serializeSavedProperties
#
# JRE version: OpenJDK Runtime Environment GraalVM CE 22.3.0 (17.0.5+8) (build 17.0.5+8-jvmci-22.3-b08)
# Java VM: OpenJDK 64-Bit Server VM GraalVM CE 22.3.0 (17.0.5+8-jvmci-22.3-b08, mixed mode, sharing, tiered, jvmci, jvmci compiler, compressed oops, compressed class ptrs, parallel gc, linux-amd64)
# Problematic frame:
# V  [libjvm.so+0x972714]  JVMCIRuntime::fatal_exception(JVMCIEnv*, char const*)+0x74
#
# Core dump will be written. Default location: Core dumps may be processed with "/usr/share/apport/apport -p%p -s%s -c%c -d%d -P%P -u%u -g%g -- %E" (or dumping to /home/runner/HadoopWordCounter/core.32)
#
# If you would like to submit a bug report, please visit:
#   https://github.com/oracle/graal/issues
#

---------------  S U M M A R Y ------------

Command Line: -XX:ThreadPriorityPolicy=1 -XX:+UnlockExperimentalVMOptions -XX:+EnableJVMCIProduct -XX:JVMCIThreadsPerNativeLibraryRuntime=1 -XX:-UnlockExperimentalVMOptions -Declipse.application=org.eclipse.jdt.ls.core.id1 -Dosgi.bundles.defaultStartLevel=4 -Declipse.product=org.eclipse.jdt.ls.core.product -Dlog.level=ALL -Xverify:none -XX:+UseParallelGC -XX:GCTimeRatio=4 -XX:AdaptiveSizePolicyWeight=90 -Dsun.zip.disableMemoryMapping=true -Xmx512m -Xms100m /nix/store/m6gcpi1ii6rghy04cjwjddcavv7i90df-jdt-language-server-1.9.0/share/java/plugins/org.eclipse.equinox.launcher_1.6.400.v20210924-0641.jar --add-modules=ALL-SYSTEM --add-opens java.base/java.util=ALL-UNNAMED --add-opens java.base/java.lang=ALL-UNNAMED -configuration /home/runner/.cache/jdt-language-server/config -data /home/runner/.cache/jdt-language-server/data/home/runner/HadoopWordCounter

Host: AMD EPYC 7B12, 8 cores, 1G, Ubuntu 20.04.2 LTS
Time: Thu Mar 23 06:37:54 2023 UTC elapsed time: 338.150141 seconds (0d 0h 5m 38s)

---------------  T H R E A D  ---------------

Current thread (0x00007fcba00b2210):  JavaThread "JVMCI-native CompilerThread0" daemon [_thread_in_vm, id=46, stack(0x00007fcb8461a000,0x00007fcb8481a000)]


Current CompileTask:
JVMCI-native: 338158 9558       4       java.util.concurrent.locks.ReentrantLock$Sync::isHeldExclusively (16 bytes)

Stack: [0x00007fcb8461a000,0x00007fcb8481a000],  sp=0x00007fcb84818380,  free space=2040k
Native frames: (J=compiled Java code, j=interpreted, Vv=VM code, C=native code)
V  [libjvm.so+0x972714]  JVMCIRuntime::fatal_exception(JVMCIEnv*, char const*)+0x74
V  [libjvm.so+0x93e2fe]  JVMCIEnv::copy_saved_properties()+0x14e
V  [libjvm.so+0x9732a9]  JVMCIRuntime::initialize(JVMCIEnv*)+0xb19
V  [libjvm.so+0x9738a2]  JVMCIRuntime::get_HotSpotJVMCIRuntime(JVMCIEnv*)+0x12
V  [libjvm.so+0x9749f2]  JVMCIRuntime::compile_method(JVMCIEnv*, JVMCICompiler*, methodHandle const&, int)+0xd2
V  [libjvm.so+0x5b0d20]  CompileBroker::invoke_compiler_on_method(CompileTask*)+0x1470
V  [libjvm.so+0x5b12e8]  CompileBroker::compiler_thread_loop()+0x528
V  [libjvm.so+0xd82460]  JavaThread::thread_main_inner()+0xd0
V  [libjvm.so+0xd85a40]  Thread::call_run()+0xc0
V  [libjvm.so+0xbdb1e1]  thread_native_entry(Thread*)+0xe1

Register to memory mapping:

RAX=0x00007fcba42db000 points into unknown readable memory: 0x0000000000000058 | 58 00 00 00 00 00 00 00
RBX=0x00007fcba53d6398: <offset 0x0000000000ef5398> in /nix/store/gpxl5qgg8kicmcvivwmybwjlpf7wh20l-graalvm17-ce-22.3.0/lib/server/libjvm.so at 0x00007fcba44e1000
RCX=0x00007fcba538e1e8: <offset 0x0000000000ead1e8> in /nix/store/gpxl5qgg8kicmcvivwmybwjlpf7wh20l-graalvm17-ce-22.3.0/lib/server/libjvm.so at 0x00007fcba44e1000
RDX=0x0000000000000649 is an unknown value
RSP=0x00007fcb84818380 is pointing into the stack for thread: 0x00007fcba00b2210
RBP=0x00007fcb848183a0 is pointing into the stack for thread: 0x00007fcba00b2210
RSI=0x00007fcba53d6c48: <offset 0x0000000000ef5c48> in /nix/store/gpxl5qgg8kicmcvivwmybwjlpf7wh20l-graalvm17-ce-22.3.0/lib/server/libjvm.so at 0x00007fcba44e1000
RDI=0x00000000e0000000 is an oop: [Ljava.security.cert.Certificate; 
{0x00000000e0000000} - klass: 'java/security/cert/Certificate'[]
 - length: 3
R8 =0x00007fcba53d6398: <offset 0x0000000000ef5398> in /nix/store/gpxl5qgg8kicmcvivwmybwjlpf7wh20l-graalvm17-ce-22.3.0/lib/server/libjvm.so at 0x00007fcba44e1000
R9 =0x0000000000000003 is an unknown value
R10=0x00007fcba5727da0: <offset 0x0000000001246da0> in /nix/store/gpxl5qgg8kicmcvivwmybwjlpf7wh20l-graalvm17-ce-22.3.0/lib/server/libjvm.so at 0x00007fcba44e1000
R11=0x000000080044f048 is pointing into metadata
R12=0x0 is NULL
R13=0x00007fcba00b2210 is a thread
R14=0x00007fcba0000b80 points into unknown readable memory: 0x00007fcba5607a38 | 38 7a 60 a5 cb 7f 00 00
R15=0x00007fcba5715e40: <offset 0x0000000001234e40> in /nix/store/gpxl5qgg8kicmcvivwmybwjlpf7wh20l-graalvm17-ce-22.3.0/lib/server/libjvm.so at 0x00007fcba44e1000


Registers:
RAX=0x00007fcba42db000, RBX=0x00007fcba53d6398, RCX=0x00007fcba538e1e8, RDX=0x0000000000000649
RSP=0x00007fcb84818380, RBP=0x00007fcb848183a0, RSI=0x00007fcba53d6c48, RDI=0x00000000e0000000
R8 =0x00007fcba53d6398, R9 =0x0000000000000003, R10=0x00007fcba5727da0, R11=0x000000080044f048
R12=0x0000000000000000, R13=0x00007fcba00b2210, R14=0x00007fcba0000b80, R15=0x00007fcba5715e40
RIP=0x00007fcba4e53714, EFLAGS=0x0000000000010206, CSGSFS=0x002b000000000033, ERR=0x0000000000000006
  TRAPNO=0x000000000000000e

Top of Stack: (sp=0x00007fcb84818380)
0x00007fcb84818380:   00007fcb84818940 00007fcba00b2210
0x00007fcb84818390:   00007fcb861148c8 0000000800c415a8
0x00007fcb848183a0:   00007fcb84818500 00007fcba4e1f2fe
0x00007fcb848183b0:   00007fcb848183e0 00007fcb84818440 

Instructions: (pc=0x00007fcba4e53714)
0x00007fcba4e53614:   30 e8 f6 cf e8 ff 4c 89 e7 e8 2e 48 d1 ff 84 db
0x00007fcba4e53624:   75 2a 4d 85 ed 74 04 4d 8b 6d 00 48 83 c4 08 44
0x00007fcba4e53634:   89 f9 4c 89 f2 4c 89 ee 5b 4c 89 e7 41 5c 41 5d
0x00007fcba4e53644:   41 5e 41 5f 5d e9 e2 47 d1 ff 66 90 48 83 c4 08
0x00007fcba4e53654:   5b 41 5c 41 5d 41 5e 41 5f 5d c3 90 31 d2 be 08
0x00007fcba4e53664:   00 00 00 4c 89 ff e8 b1 78 a3 ff 49 89 c5 e9 37
0x00007fcba4e53674:   ff ff ff 66 0f 1f 84 00 00 00 00 00 48 8b 7a 08
0x00007fcba4e53684:   e9 6d ff ff ff 0f 1f 80 00 00 00 00 e8 5b 48 0a
0x00007fcba4e53694:   00 84 c0 75 89 e9 6a ff ff ff 66 90 55 48 89 e5
0x00007fcba4e536a4:   41 56 41 55 41 54 49 89 fc 53 48 89 f3 66 48 8d
0x00007fcba4e536b4:   3d 27 5e 85 00 66 66 48 e8 df 43 8d ff 4c 8b 28
0x00007fcba4e536c4:   8b 05 be 72 8a 00 85 c0 75 14 ba 01 00 00 00 48
0x00007fcba4e536d4:   8d 0d ae 72 8a 00 f0 0f b1 11 85 c0 74 4e be c8
0x00007fcba4e536e4:   00 00 00 4c 89 ef e8 01 0b 41 00 48 8d 05 12 ac
0x00007fcba4e536f4:   85 00 49 89 d8 48 8d 0d e8 aa 53 00 ba 49 06 00
0x00007fcba4e53704:   00 48 8d 35 3c 35 58 00 bf 00 00 00 e0 48 8b 00
0x00007fcba4e53714:   c6 00 58 31 c0 e8 e2 91 c6 ff 5b 41 5c 41 5d 41
0x00007fcba4e53724:   5e 5d e9 55 34 26 00 0f 1f 44 00 00 48 8d 05 81
0x00007fcba4e53734:   a3 8b 00 48 89 df 4c 8b 30 e8 9e 43 8d ff 48 89
0x00007fcba4e53744:   de 48 89 c2 49 8b 06 4c 89 f7 ff 50 08 4c 89 f7
0x00007fcba4e53754:   e8 a7 5c 27 00 4d 85 e4 74 12 be 01 00 00 00 4c
0x00007fcba4e53764:   89 e7 e8 35 43 fc ff eb 82 0f 1f 00 be 01 00 00
0x00007fcba4e53774:   00 4c 89 ef e8 d3 fd ff ff e9 6d ff ff ff 66 66
0x00007fcba4e53784:   2e 0f 1f 84 00 00 00 00 00 0f 1f 00 55 48 89 e5
0x00007fcba4e53794:   41 57 41 56 41 55 41 54 53 48 81 ec 08 02 00 00
0x00007fcba4e537a4:   64 48 8b 04 25 28 00 00 00 48 89 45 c8 8b 07 83
0x00007fcba4e537b4:   f8 02 0f 84 11 04 00 00 4c 8b 6f 18 49 89 ff 49
0x00007fcba4e537c4:   89 f4 4d 85 ed 74 14 4c 89 ef e8 5d 57 22 00 41
0x00007fcba4e537d4:   8b 07 83 f8 02 0f 84 19 04 00 00 48 8d 1d 9a 06
0x00007fcba4e537e4:   8a 00 4c 8d 35 0b 3c 58 00 eb 38 90 48 85 d2 7f
0x00007fcba4e537f4:   0d 48 8d 05 b4 c0 85 00 48 83 38 00 7e 0e 41 8b
0x00007fcba4e53804:   77 2c 4c 89 f7 31 c0 e8 a0 b2 f7 ff 49 8b 7f 18 


Stack slot to memory mapping:
stack at sp + 0 slots: 0x00007fcb84818940 is pointing into the stack for thread: 0x00007fcba00b2210
stack at sp + 1 slots: 0x00007fcba00b2210 is a thread
stack at sp + 2 slots: 0x00007fcb861148c8 points into unknown readable memory: 0x6573001880c9ffff | ff ff c9 80 18 00 73 65
stack at sp + 3 slots: 0x0000000800c415a8 is a pointer to class: 
jdk.vm.ci.services.Services {0x0000000800c415a8}
 - instance size:     2
 - klass size:        65
 - access:            public final synchronized 
 - state:             fully_initialized
 - name:              'jdk/vm/ci/services/Services'
 - super:             'java/lang/Object'
 - sub:               
 - arrays:            NULL
 - methods:           Array<T>(0x00007fcb8503f2e0)
 - method ordering:   Array<T>(0x0000000800928960)
 - default_methods:   Array<T>(0x0000000000000000)
 - local interfaces:  Array<T>(0x00000008005ce810)
 - trans. interfaces: Array<T>(0x00000008005ce810)
 - constants:         constant pool [427] {0x00007fcb8503e3c0} for 'jdk/vm/ci/services/Services' cache=0x00007fcb850405b0
 - class loader data:  loader data: 0x00007fcba00283f0 of 'bootstrap'
 - source file:       'Services.java'
 - class annotations:       Array<T>(0x0000000000000000)
 - class type annotations:  Array<T>(0x0000000000000000)
 - field annotations:       Array<T>(0x0000000000000000)
 - field type annotations:  Array<T>(0x0000000000000000)
 - inner classes:     Array<T>(0x00007fcb85040580)
 - nest members:     Array<T>(0x00007fcb850405a0)
 - permitted subclasses:     Array<T>(0x00000008005ce7a0)
 - java mirror:       a 'java/lang/Class'{0x00000000e017ccb0} = 'jdk/vm/ci/services/Services'
 - vtable length      5  (start addr: 0x0000000800c41778)
 - itable length      2 (start addr: 0x0000000800c417a0)
 - ---- static fields (3 words):
 - public static final 'IS_BUILDING_NATIVE_IMAGE' 'Z' @128 
 - public static final 'IS_IN_NATIVE_IMAGE' 'Z' @129 
 - private static volatile 'savedProperties' 'Ljava/util/Map;' @112 
 - static final 'JVMCI_ENABLED' 'Z' @130 
 - private static final 'servicesCache' 'Ljava/util/Map;' @116 
 - private static final 'MAX_UNICODE_IN_UTF8_LENGTH' 'I' @120 
 - private static final 'MAX_UTF8_PROPERTY_STRING_LENGTH' 'I' @124 
 - ---- non-static fields (0 words):
 - non-static oop maps: 
stack at sp + 4 slots: 0x00007fcb84818500 is pointing into the stack for thread: 0x00007fcba00b2210
stack at sp + 5 slots: 0x00007fcba4e1f2fe: <offset 0x000000000093e2fe> in /nix/store/gpxl5qgg8kicmcvivwmybwjlpf7wh20l-graalvm17-ce-22.3.0/lib/server/libjvm.so at 0x00007fcba44e1000
stack at sp + 6 slots: 0x00007fcb848183e0 is pointing into the stack for thread: 0x00007fcba00b2210
stack at sp + 7 slots: 0x00007fcb84818440 is pointing into the stack for thread: 0x00007fcba00b2210


---------------  P R O C E S S  ---------------

Threads class SMR info:
_java_thread_list=0x00007fcb18000b70, length=27, elements={
0x00007fcba0026690, 0x00007fcba00a64d0, 0x00007fcba00a7910, 0x00007fcba00ae080,
0x00007fcba00af430, 0x00007fcba00b0820, 0x00007fcba00b2210, 0x00007fcba00b3720,
0x00007fcba00b4b70, 0x00007fcba00dfef0, 0x00007fcba0127b30, 0x00007fcba0319940,
0x00007fcba034cc90, 0x00007fcba034f4a0, 0x00007fcba0614560, 0x00007fcb34016fc0,
0x00007fcb342a39a0, 0x00007fcb34481720, 0x00007fcb346002d0, 0x00007fcba03dafc0,
0x00007fcba03d0e50, 0x00007fcb0c000ff0, 0x00007fcb080e1640, 0x00007fcb00437b80,
0x00007fcb004385f0, 0x00007fcb040069c0, 0x00007fcb080dfe40
}

Java Threads: ( => current thread )
  0x00007fcba0026690 JavaThread "main" [_thread_blocked, id=38, stack(0x00007fcba42fc000,0x00007fcba43fc000)]
  0x00007fcba00a64d0 JavaThread "Reference Handler" daemon [_thread_blocked, id=41, stack(0x00007fcb84f00000,0x00007fcb85000000)]
  0x00007fcba00a7910 JavaThread "Finalizer" daemon [_thread_blocked, id=42, stack(0x00007fcb84e00000,0x00007fcb84f00000)]
  0x00007fcba00ae080 JavaThread "Signal Dispatcher" daemon [_thread_blocked, id=43, stack(0x00007fcb84a1a000,0x00007fcb84b1a000)]
  0x00007fcba00af430 JavaThread "Service Thread" daemon [_thread_blocked, id=44, stack(0x00007fcb8491a000,0x00007fcb84a1a000)]
  0x00007fcba00b0820 JavaThread "Monitor Deflation Thread" daemon [_thread_blocked, id=45, stack(0x00007fcb8481a000,0x00007fcb8491a000)]
=>0x00007fcba00b2210 JavaThread "JVMCI-native CompilerThread0" daemon [_thread_in_vm, id=46, stack(0x00007fcb8461a000,0x00007fcb8481a000)]
  0x00007fcba00b3720 JavaThread "C1 CompilerThread0" daemon [_thread_blocked, id=47, stack(0x00007fcb8441a000,0x00007fcb8461a000)]
  0x00007fcba00b4b70 JavaThread "Sweeper thread" daemon [_thread_blocked, id=48, stack(0x00007fcb8431a000,0x00007fcb8441a000)]
  0x00007fcba00dfef0 JavaThread "Common-Cleaner" daemon [_thread_blocked, id=49, stack(0x00007fcb8421a000,0x00007fcb8431a000)]
  0x00007fcba0127b30 JavaThread "Notification Thread" daemon [_thread_blocked, id=51, stack(0x00007fcb8411a000,0x00007fcb8421a000)]
  0x00007fcba0319940 JavaThread "Active Thread: Equinox Container: 5936791f-3e78-4fdf-aaa9-e2fe775c4a4b" [_thread_blocked, id=64, stack(0x00007fcb4c900000,0x00007fcb4ca00000)]
  0x00007fcba034cc90 JavaThread "Framework Event Dispatcher: Equinox Container: 5936791f-3e78-4fdf-aaa9-e2fe775c4a4b" daemon [_thread_blocked, id=65, stack(0x00007fcb4c700000,0x00007fcb4c800000)]
  0x00007fcba034f4a0 JavaThread "Start Level: Equinox Container: 5936791f-3e78-4fdf-aaa9-e2fe775c4a4b" daemon [_thread_blocked, id=66, stack(0x00007fcb4c500000,0x00007fcb4c600000)]
  0x00007fcba0614560 JavaThread "Refresh Thread: Equinox Container: 5936791f-3e78-4fdf-aaa9-e2fe775c4a4b" daemon [_thread_blocked, id=67, stack(0x00007fcb4c300000,0x00007fcb4c400000)]
  0x00007fcb34016fc0 JavaThread "SCR Component Actor" daemon [_thread_blocked, id=76, stack(0x00007fcb4c100000,0x00007fcb4c200000)]
  0x00007fcb342a39a0 JavaThread "Worker-JM" [_thread_blocked, id=78, stack(0x00007fcb4bd00000,0x00007fcb4be00000)]
  0x00007fcb34481720 JavaThread "Java indexing" daemon [_thread_blocked, id=89, stack(0x00007fcb4b700000,0x00007fcb4b800000)]
  0x00007fcb346002d0 JavaThread "Bundle File Closer" daemon [_thread_blocked, id=98, stack(0x00007fcb4b500000,0x00007fcb4b600000)]
  0x00007fcba03dafc0 JavaThread "pool-3-thread-1" [_thread_blocked, id=99, stack(0x00007fcb4b300000,0x00007fcb4b400000)]
  0x00007fcba03d0e50 JavaThread "pool-2-thread-1" [_thread_in_native, id=106, stack(0x00007fcb4bf00000,0x00007fcb4c000000)]
  0x00007fcb0c000ff0 JavaThread "Worker-4" [_thread_blocked, id=111, stack(0x00007fcb4ad00000,0x00007fcb4ae00000)]
  0x00007fcb080e1640 JavaThread "Worker-5: Java indexing... " [_thread_blocked, id=130, stack(0x00007fcb4a900000,0x00007fcb4aa00000)]
  0x00007fcb00437b80 JavaThread "OkHttp repo.maven.apache.org" [_thread_in_native, id=167, stack(0x00007fcb4ab00000,0x00007fcb4ac00000)]
  0x00007fcb004385f0 JavaThread "OkHttp ConnectionPool" daemon [_thread_blocked, id=168, stack(0x00007fcb4c400000,0x00007fcb4c500000)]
  0x00007fcb040069c0 JavaThread "OkHttp repo.maven.apache.org Writer" [_thread_blocked, id=170, stack(0x00007fcb4b200000,0x00007fcb4b300000)]
  0x00007fcb080dfe40 JavaThread "Worker-6: Compacting resource model" [_thread_blocked, id=176, stack(0x00007fcb4ae00000,0x00007fcb4af00000)]

Other Threads:
  0x00007fcba00a1c10 VMThread "VM Thread" [stack: 0x00007fcb858bd000,0x00007fcb859bd000] [id=40] _threads_hazard_ptr=0x00007fcb18000b70
  0x00007fcba01294d0 WatcherThread [stack: 0x00007fcb8401a000,0x00007fcb8411a000] [id=52]
  0x00007fcba003df30 GCTaskThread "GC Thread#0" [stack: 0x00007fcb872b2000,0x00007fcb873b2000] [id=39]

Threads with active compile tasks:
JVMCI-native CompilerThread0   338210 9558       4       java.util.concurrent.locks.ReentrantLock$Sync::isHeldExclusively (16 bytes)

VM state: synchronizing (normal execution)

VM Mutex/Monitor currently owned by a thread:  ([mutex/lock_event])
[0x00007fcba0023840] Threads_lock - owner thread: 0x00007fcba00a1c10
[0x00007fcba0023ff0] Heap_lock - owner thread: 0x00007fcb080dfe40

OutOfMemory and StackOverflow Exception counts:
OutOfMemoryError java_heap_errors=1
LinkageErrors=66

Heap address: 0x00000000e0000000, size: 512 MB, Compressed Oops mode: 32-bit

CDS archive(s) mapped at: [0x0000000800000000-0x0000000800bc8000-0x0000000800bc8000), size 12353536, SharedBaseAddress: 0x0000000800000000, ArchiveRelocationMode: 0.
Compressed class space mapped at: 0x0000000800c00000-0x0000000840c00000, reserved size: 1073741824
Narrow klass base: 0x0000000800000000, Narrow klass shift: 0, Narrow klass range: 0x100000000

GC Precious Log:
 CPUs: 8 total, 1 available
 Memory: 1024M
 Large Page Support: Disabled
 NUMA Support: Disabled
 Compressed Oops: Enabled (32-bit)
 Alignments: Space 512K, Generation 512K, Heap 2M
 Heap Min Capacity: 100M
 Heap Initial Capacity: 100M
 Heap Max Capacity: 512M
 Pre-touch: Disabled
 Parallel Workers: 1

Heap:
 PSYoungGen      total 56832K, used 39935K [0x00000000f5580000, 0x00000000f9e80000, 0x0000000100000000)
  eden space 39936K, 99% used [0x00000000f5580000,0x00000000f7c7fff8,0x00000000f7c80000)
  from space 16896K, 0% used [0x00000000f7c80000,0x00000000f7c80000,0x00000000f8d00000)
  to   space 14336K, 0% used [0x00000000f8e00000,0x00000000f8e00000,0x00000000f9c00000)
 ParOldGen       total 349696K, used 349695K [0x00000000e0000000, 0x00000000f5580000, 0x00000000f5580000)
  object space 349696K, 99% used [0x00000000e0000000,0x00000000f557fff0,0x00000000f5580000)
 Metaspace       used 60390K, committed 61632K, reserved 1105920K
  class space    used 5942K, committed 6464K, reserved 1048576K

Card table byte_map: [0x00007fcb873b2000,0x00007fcb874b3000] _byte_map_base: 0x00007fcb86cb2000

Marking Bits: (ParMarkBitMap*) 0x00007fcba570f4c0
 Begin Bits: [0x00007fcb862b0000, 0x00007fcb86ab0000)
 End Bits:   [0x00007fcb86ab0000, 0x00007fcb872b0000)

Polling page: 0x00007fcba42d9000

Metaspace:

Usage:
  Non-class:     53.17 MB used.
      Class:      5.80 MB used.
       Both:     58.97 MB used.

Virtual space:
  Non-class space:       56.00 MB reserved,      53.88 MB ( 96%) committed,  7 nodes.
      Class space:        1.00 GB reserved,       6.31 MB ( <1%) committed,  1 nodes.
             Both:        1.05 GB reserved,      60.19 MB (  6%) committed. 

Chunk freelists:
   Non-Class:  2.02 MB
       Class:  1.81 MB
        Both:  3.83 MB

MaxMetaspaceSize: unlimited
CompressedClassSpaceSize: 1.00 GB
Initial GC threshold: 21.00 MB
Current GC threshold: 100.31 MB
CDS: on
MetaspaceReclaimPolicy: balanced
 - commit_granule_bytes: 65536.
 - commit_granule_words: 8192.
 - virtual_space_node_default_size: 1048576.
 - enlarge_chunks_in_place: 1.
 - new_chunks_are_fully_committed: 0.
 - uncommit_free_chunks: 1.
 - use_allocation_guard: 0.
 - handle_deallocations: 1.


Internal statistics:

num_allocs_failed_limit: 10.
num_arena_births: 498.
num_arena_deaths: 150.
num_vsnodes_births: 8.
num_vsnodes_deaths: 0.
num_space_committed: 962.
num_space_uncommitted: 0.
num_chunks_returned_to_freelist: 215.
num_chunks_taken_from_freelist: 2855.
num_chunk_merges: 90.
num_chunk_splits: 1886.
num_chunks_enlarged: 1191.
num_purges: 8.
num_inconsistent_stats: 0.

CodeHeap 'non-profiled nmethods': size=120036Kb used=2534Kb max_used=2534Kb free=117501Kb
 bounds [0x00007fcb8ef7a000, 0x00007fcb8f1fa000, 0x00007fcb964b3000]
CodeHeap 'profiled nmethods': size=120032Kb used=14880Kb max_used=16590Kb free=105151Kb
 bounds [0x00007fcb87a42000, 0x00007fcb88a82000, 0x00007fcb8ef7a000]
CodeHeap 'non-nmethods': size=5692Kb used=1383Kb max_used=1403Kb free=4308Kb
 bounds [0x00007fcb874b3000, 0x00007fcb87723000, 0x00007fcb87a42000]
 total_blobs=7882 nmethods=7166 adapters=629
 compilation: enabled
              stopped_count=0, restarted_count=0
 full_count=0

JVMCI Events (20 events):
Event: 71.442 Thread 0x00007fcba00b2210 destroyed JavaVM[1]@0x00007fcb4d69e340 for JVMCI runtime 0
Event: 71.442 Thread 0x00007fcba00b2210 compacted oop handles in JVMCI runtime 0 from 175 to 175
Event: 71.442 Thread 0x00007fcba00b2210 releasing handles for JVMCI runtime 0: oop handles=175, metadata handles={total=1280, live=533, blocks=40}
Event: 71.442 Thread 0x00007fcba00b2210 detached from JVMCI runtime 0
Event: 174.150 Thread 0x00007fcba00b2210 attached to JVMCI runtime 0
Event: 174.152 Thread 0x00007fcba00b2210 created JavaVM[2]@0x00007fcb4a39e340 for JVMCI runtime 0
Event: 174.152 Thread 0x00007fcba00b2210 initializing JVMCI runtime 0
Event: 174.152 Thread 0x00007fcba00b2210 done waiting for JavaVM references initialization in JVMCI runtime 0
Event: 177.428 Thread 0x00007fcba00b2210 initialized JVMCI runtime 0
Event: 181.620 Thread 0x00007fcba00b2210 detaching from JVMCI runtime 0: releasing idle compiler thread (0 other threads still attached)
Event: 181.620 Thread 0x00007fcba00b2210 shutting down HotSpotJVMCIRuntime for JVMCI runtime 0
Event: 183.145 Thread 0x00007fcba00b2210 shut down JVMCI runtime 0
Event: 184.722 Thread 0x00007fcba00b2210 destroyed JavaVM[2]@0x00007fcb4a39e340 for JVMCI runtime 0
Event: 184.722 Thread 0x00007fcba00b2210 compacted oop handles in JVMCI runtime 0 from 42 to 42
Event: 184.722 Thread 0x00007fcba00b2210 releasing handles for JVMCI runtime 0: oop handles=42, metadata handles={total=87, live=76, blocks=40}
Event: 184.722 Thread 0x00007fcba00b2210 detached from JVMCI runtime 0
Event: 300.048 Thread 0x00007fcba00b2210 attached to JVMCI runtime 0
Event: 300.050 Thread 0x00007fcba00b2210 created JavaVM[3]@0x00007fcb4a39e340 for JVMCI runtime 0
Event: 300.050 Thread 0x00007fcba00b2210 initializing JVMCI runtime 0
Event: 300.050 Thread 0x00007fcba00b2210 done waiting for JavaVM references initialization in JVMCI runtime 0

Compilation events (20 events):
Event: 68.599 Thread 0x00007fcba00b2210 nmethod 9506 0x00007fcb8f1ee710 code [0x00007fcb8f1ee880, 0x00007fcb8f1ee8f8]
Event: 68.599 Thread 0x00007fcba00b2210 9507       4       jdk.internal.jrtfs.JrtFileSystem::getFileContent (49 bytes)
Event: 68.716 Thread 0x00007fcba00b2210 nmethod 9507 0x00007fcb8f1eea10 code [0x00007fcb8f1eebe0, 0x00007fcb8f1ef050]
Event: 68.716 Thread 0x00007fcba00b2210 9508       4       jdk.internal.jrtfs.JrtFileSystem::newByteChannel (44 bytes)
Event: 68.912 Thread 0x00007fcba00b2210 nmethod 9508 0x00007fcb8f1ef910 code [0x00007fcb8f1efb20, 0x00007fcb8f1f03f0]
Event: 68.912 Thread 0x00007fcba00b2210 9509       4       org.eclipse.jdt.core.Signature::appendTypeSignature (9 bytes)
Event: 68.918 Thread 0x00007fcba00b2210 nmethod 9509 0x00007fcb8f1f1090 code [0x00007fcb8f1f1240, 0x00007fcb8f1f13d0]
Event: 68.919 Thread 0x00007fcba00b2210 9510       4       org.eclipse.jdt.core.Signature::appendTypeSignature (513 bytes)
Event: 69.001 Thread 0x00007fcba00b2210 nmethod 9510 0x00007fcb8f1f1790 code [0x00007fcb8f1f1940, 0x00007fcb8f1f1af0]
Event: 69.001 Thread 0x00007fcba00b2210 9527 %     4       org.eclipse.jdt.internal.core.util.Util::quickSort @ 36 (107 bytes)
Event: 69.118 Thread 0x00007fcba00b2210 nmethod 9527% 0x00007fcb8f1f1e90 code [0x00007fcb8f1f20a0, 0x00007fcb8f1f2dc0]
Event: 84.730 Thread 0x00007fcba00b3720 9554  s    3       java.lang.StringBuffer::toString (59 bytes)
Event: 86.133 Thread 0x00007fcba00b3720 nmethod 9554 0x00007fcb881af010 code [0x00007fcb881af200, 0x00007fcb881af750]
Event: 174.150 Thread 0x00007fcba00b2210 9555       4       java.lang.Thread::interrupted (23 bytes)
Event: 180.137 Thread 0x00007fcba00b2210 nmethod 9555 0x00007fcb8f1f3690 code [0x00007fcb8f1f3800, 0x00007fcb8f1f3868]
Event: 199.832 Thread 0x00007fcba00b3720 9556  s    3       org.eclipse.jdt.internal.core.search.processing.JobManager::currentJob (35 bytes)
Event: 201.516 Thread 0x00007fcba00b3720 nmethod 9556 0x00007fcb8803ba90 code [0x00007fcb8803bc60, 0x00007fcb8803c5b0]
Event: 221.555 Thread 0x00007fcba00b3720 9557       3       java.util.concurrent.Executors$RunnableAdapter::call (14 bytes)
Event: 221.556 Thread 0x00007fcba00b3720 nmethod 9557 0x00007fcb882e5810 code [0x00007fcb882e59c0, 0x00007fcb882e5d00]
Event: 300.048 Thread 0x00007fcba00b2210 9558       4       java.util.concurrent.locks.ReentrantLock$Sync::isHeldExclusively (16 bytes)

GC Heap History (20 events):
Event: 308.193 GC heap before
{Heap before GC invocations=203 (full 128):
 PSYoungGen      total 56832K, used 39935K [0x00000000f5580000, 0x00000000f9e80000, 0x0000000100000000)
  eden space 39936K, 99% used [0x00000000f5580000,0x00000000f7c7fff0,0x00000000f7c80000)
  from space 16896K, 0% used [0x00000000f7c80000,0x00000000f7c80000,0x00000000f8d00000)
  to   space 14336K, 0% used [0x00000000f8e00000,0x00000000f8e00000,0x00000000f9c00000)
 ParOldGen       total 349696K, used 349694K [0x00000000e0000000, 0x00000000f5580000, 0x00000000f5580000)
  object space 349696K, 99% used [0x00000000e0000000,0x00000000f557f970,0x00000000f5580000)
 Metaspace       used 60389K, committed 61632K, reserved 1105920K
  class space    used 5942K, committed 6464K, reserved 1048576K
}
Event: 310.203 GC heap after
{Heap after GC invocations=203 (full 128):
 PSYoungGen      total 54272K, used 39935K [0x00000000f5580000, 0x00000000f9e80000, 0x0000000100000000)
  eden space 39936K, 99% used [0x00000000f5580000,0x00000000f7c7ff60,0x00000000f7c80000)
  from space 14336K, 0% used [0x00000000f8e00000,0x00000000f8e00000,0x00000000f9c00000)
  to   space 16896K, 0% used [0x00000000f7c80000,0x00000000f7c80000,0x00000000f8d00000)
 ParOldGen       total 349696K, used 349694K [0x00000000e0000000, 0x00000000f5580000, 0x00000000f5580000)
  object space 349696K, 99% used [0x00000000e0000000,0x00000000f557f928,0x00000000f5580000)
 Metaspace       used 60389K, committed 61632K, reserved 1105920K
  class space    used 5942K, committed 6464K, reserved 1048576K
}
Event: 310.206 GC heap before
{Heap before GC invocations=204 (full 129):
 PSYoungGen      total 54272K, used 39935K [0x00000000f5580000, 0x00000000f9e80000, 0x0000000100000000)
  eden space 39936K, 99% used [0x00000000f5580000,0x00000000f7c7fff8,0x00000000f7c80000)
  from space 14336K, 0% used [0x00000000f8e00000,0x00000000f8e00000,0x00000000f9c00000)
  to   space 16896K, 0% used [0x00000000f7c80000,0x00000000f7c80000,0x00000000f8d00000)
 ParOldGen       total 349696K, used 349694K [0x00000000e0000000, 0x00000000f5580000, 0x00000000f5580000)
  object space 349696K, 99% used [0x00000000e0000000,0x00000000f557f928,0x00000000f5580000)
 Metaspace       used 60389K, committed 61632K, reserved 1105920K
  class space    used 5942K, committed 6464K, reserved 1048576K
}
Event: 311.882 GC heap after
{Heap after GC invocations=204 (full 129):
 PSYoungGen      total 56832K, used 39935K [0x00000000f5580000, 0x00000000f9e80000, 0x0000000100000000)
  eden space 39936K, 99% used [0x00000000f5580000,0x00000000f7c7ffc0,0x00000000f7c80000)
  from space 16896K, 0% used [0x00000000f7c80000,0x00000000f7c80000,0x00000000f8d00000)
  to   space 14336K, 0% used [0x00000000f8e00000,0x00000000f8e00000,0x00000000f9c00000)
 ParOldGen       total 349696K, used 349694K [0x00000000e0000000, 0x00000000f5580000, 0x00000000f5580000)
  object space 349696K, 99% used [0x00000000e0000000,0x00000000f557f928,0x00000000f5580000)
 Metaspace       used 60389K, committed 61632K, reserved 1105920K
  class space    used 5942K, committed 6464K, reserved 1048576K
}
Event: 311.885 GC heap before
{Heap before GC invocations=205 (full 130):
 PSYoungGen      total 56832K, used 39935K [0x00000000f5580000, 0x00000000f9e80000, 0x0000000100000000)
  eden space 39936K, 99% used [0x00000000f5580000,0x00000000f7c7fff0,0x00000000f7c80000)
  from space 16896K, 0% used [0x00000000f7c80000,0x00000000f7c80000,0x00000000f8d00000)
  to   space 14336K, 0% used [0x00000000f8e00000,0x00000000f8e00000,0x00000000f9c00000)
 ParOldGen       total 349696K, used 349694K [0x00000000e0000000, 0x00000000f5580000, 0x00000000f5580000)
  object space 349696K, 99% used [0x00000000e0000000,0x00000000f557f928,0x00000000f5580000)
 Metaspace       used 60389K, committed 61632K, reserved 1105920K
  class space    used 5942K, committed 6464K, reserved 1048576K
}
Event: 313.975 GC heap after
{Heap after GC invocations=205 (full 130):
 PSYoungGen      total 54272K, used 39935K [0x00000000f5580000, 0x00000000f9e80000, 0x0000000100000000)
  eden space 39936K, 99% used [0x00000000f5580000,0x00000000f7c7ffd8,0x00000000f7c80000)
  from space 14336K, 0% used [0x00000000f8e00000,0x00000000f8e00000,0x00000000f9c00000)
  to   space 16896K, 0% used [0x00000000f7c80000,0x00000000f7c80000,0x00000000f8d00000)
 ParOldGen       total 349696K, used 349694K [0x00000000e0000000, 0x00000000f5580000, 0x00000000f5580000)
  object space 349696K, 99% used [0x00000000e0000000,0x00000000f557f928,0x00000000f5580000)
 Metaspace       used 60389K, committed 61632K, reserved 1105920K
  class space    used 5942K, committed 6464K, reserved 1048576K
}
Event: 313.977 GC heap before
{Heap before GC invocations=206 (full 131):
 PSYoungGen      total 54272K, used 39935K [0x00000000f5580000, 0x00000000f9e80000, 0x0000000100000000)
  eden space 39936K, 99% used [0x00000000f5580000,0x00000000f7c7fff0,0x00000000f7c80000)
  from space 14336K, 0% used [0x00000000f8e00000,0x00000000f8e00000,0x00000000f9c00000)
  to   space 16896K, 0% used [0x00000000f7c80000,0x00000000f7c80000,0x00000000f8d00000)
 ParOldGen       total 349696K, used 349694K [0x00000000e0000000, 0x00000000f5580000, 0x00000000f5580000)
  object space 349696K, 99% used [0x00000000e0000000,0x00000000f557f928,0x00000000f5580000)
 Metaspace       used 60389K, committed 61632K, reserved 1105920K
  class space    used 5942K, committed 6464K, reserved 1048576K
}
Event: 316.897 GC heap after
{Heap after GC invocations=206 (full 131):
 PSYoungGen      total 56832K, used 39935K [0x00000000f5580000, 0x00000000f9e80000, 0x0000000100000000)
  eden space 39936K, 99% used [0x00000000f5580000,0x00000000f7c7fff0,0x00000000f7c80000)
  from space 16896K, 0% used [0x00000000f7c80000,0x00000000f7c80000,0x00000000f8d00000)
  to   space 14336K, 0% used [0x00000000f8e00000,0x00000000f8e00000,0x00000000f9c00000)
 ParOldGen       total 349696K, used 349694K [0x00000000e0000000, 0x00000000f5580000, 0x00000000f5580000)
  object space 349696K, 99% used [0x00000000e0000000,0x00000000f557f928,0x00000000f5580000)
 Metaspace       used 60389K, committed 61632K, reserved 1105920K
  class space    used 5942K, committed 6464K, reserved 1048576K
}
Event: 316.911 GC heap before
{Heap before GC invocations=207 (full 132):
 PSYoungGen      total 56832K, used 39936K [0x00000000f5580000, 0x00000000f9e80000, 0x0000000100000000)
  eden space 39936K, 100% used [0x00000000f5580000,0x00000000f7c80000,0x00000000f7c80000)
  from space 16896K, 0% used [0x00000000f7c80000,0x00000000f7c80000,0x00000000f8d00000)
  to   space 14336K, 0% used [0x00000000f8e00000,0x00000000f8e00000,0x00000000f9c00000)
 ParOldGen       total 349696K, used 349695K [0x00000000e0000000, 0x00000000f5580000, 0x00000000f5580000)
  object space 349696K, 99% used [0x00000000e0000000,0x00000000f557ff60,0x00000000f5580000)
 Metaspace       used 60389K, committed 61632K, reserved 1105920K
  class space    used 5942K, committed 6464K, reserved 1048576K
}
Event: 321.437 GC heap after
{Heap after GC invocations=207 (full 132):
 PSYoungGen      total 54272K, used 39935K [0x00000000f5580000, 0x00000000f9e80000, 0x0000000100000000)
  eden space 39936K, 99% used [0x00000000f5580000,0x00000000f7c7fef8,0x00000000f7c80000)
  from space 14336K, 0% used [0x00000000f8e00000,0x00000000f8e00000,0x00000000f9c00000)
  to   space 16896K, 0% used [0x00000000f7c80000,0x00000000f7c80000,0x00000000f8d00000)
 ParOldGen       total 349696K, used 349695K [0x00000000e0000000, 0x00000000f5580000, 0x00000000f5580000)
  object space 349696K, 99% used [0x00000000e0000000,0x00000000f557fcd8,0x00000000f5580000)
 Metaspace       used 60389K, committed 61632K, reserved 1105920K
  class space    used 5942K, committed 6464K, reserved 1048576K
}
Event: 321.443 GC heap before
{Heap before GC invocations=208 (full 133):
 PSYoungGen      total 54272K, used 39935K [0x00000000f5580000, 0x00000000f9e80000, 0x0000000100000000)
  eden space 39936K, 99% used [0x00000000f5580000,0x00000000f7c7ffd0,0x00000000f7c80000)
  from space 14336K, 0% used [0x00000000f8e00000,0x00000000f8e00000,0x00000000f9c00000)
  to   space 16896K, 0% used [0x00000000f7c80000,0x00000000f7c80000,0x00000000f8d00000)
 ParOldGen       total 349696K, used 349695K [0x00000000e0000000, 0x00000000f5580000, 0x00000000f5580000)
  object space 349696K, 99% used [0x00000000e0000000,0x00000000f557fcd8,0x00000000f5580000)
 Metaspace       used 60389K, committed 61632K, reserved 1105920K
  class space    used 5942K, committed 6464K, reserved 1048576K
}
Event: 325.866 GC heap after
{Heap after GC invocations=208 (full 133):
 PSYoungGen      total 56832K, used 39935K [0x00000000f5580000, 0x00000000f9e80000, 0x0000000100000000)
  eden space 39936K, 99% used [0x00000000f5580000,0x00000000f7c7ff60,0x00000000f7c80000)
  from space 16896K, 0% used [0x00000000f7c80000,0x00000000f7c80000,0x00000000f8d00000)
  to   space 14336K, 0% used [0x00000000f8e00000,0x00000000f8e00000,0x00000000f9c00000)
 ParOldGen       total 349696K, used 349694K [0x00000000e0000000, 0x00000000f5580000, 0x00000000f5580000)
  object space 349696K, 99% used [0x00000000e0000000,0x00000000f557fbf0,0x00000000f5580000)
 Metaspace       used 60389K, committed 61632K, reserved 1105920K
  class space    used 5942K, committed 6464K, reserved 1048576K
}
Event: 325.872 GC heap before
{Heap before GC invocations=209 (full 134):
 PSYoungGen      total 56832K, used 39935K [0x00000000f5580000, 0x00000000f9e80000, 0x0000000100000000)
  eden space 39936K, 99% used [0x00000000f5580000,0x00000000f7c7ff98,0x00000000f7c80000)
  from space 16896K, 0% used [0x00000000f7c80000,0x00000000f7c80000,0x00000000f8d00000)
  to   space 14336K, 0% used [0x00000000f8e00000,0x00000000f8e00000,0x00000000f9c00000)
 ParOldGen       total 349696K, used 349694K [0x00000000e0000000, 0x00000000f5580000, 0x00000000f5580000)
  object space 349696K, 99% used [0x00000000e0000000,0x00000000f557fbf0,0x00000000f5580000)
 Metaspace       used 60389K, committed 61632K, reserved 1105920K
  class space    used 5942K, committed 6464K, reserved 1048576K
}
Event: 329.399 GC heap after
{Heap after GC invocations=209 (full 134):
 PSYoungGen      total 54272K, used 39935K [0x00000000f5580000, 0x00000000f9e80000, 0x0000000100000000)
  eden space 39936K, 99% used [0x00000000f5580000,0x00000000f7c7ff78,0x00000000f7c80000)
  from space 14336K, 0% used [0x00000000f8e00000,0x00000000f8e00000,0x00000000f9c00000)
  to   space 16896K, 0% used [0x00000000f7c80000,0x00000000f7c80000,0x00000000f8d00000)
 ParOldGen       total 349696K, used 349694K [0x00000000e0000000, 0x00000000f5580000, 0x00000000f5580000)
  object space 349696K, 99% used [0x00000000e0000000,0x00000000f557fbf0,0x00000000f5580000)
 Metaspace       used 60389K, committed 61632K, reserved 1105920K
  class space    used 5942K, committed 6464K, reserved 1048576K
}
Event: 329.404 GC heap before
{Heap before GC invocations=210 (full 135):
 PSYoungGen      total 54272K, used 39935K [0x00000000f5580000, 0x00000000f9e80000, 0x0000000100000000)
  eden space 39936K, 99% used [0x00000000f5580000,0x00000000f7c7ffe8,0x00000000f7c80000)
  from space 14336K, 0% used [0x00000000f8e00000,0x00000000f8e00000,0x00000000f9c00000)
  to   space 16896K, 0% used [0x00000000f7c80000,0x00000000f7c80000,0x00000000f8d00000)
 ParOldGen       total 349696K, used 349694K [0x00000000e0000000, 0x00000000f5580000, 0x00000000f5580000)
  object space 349696K, 99% used [0x00000000e0000000,0x00000000f557fbf0,0x00000000f5580000)
 Metaspace       used 60389K, committed 61632K, reserved 1105920K
  class space    used 5942K, committed 6464K, reserved 1048576K
}
Event: 334.248 GC heap after
{Heap after GC invocations=210 (full 135):
 PSYoungGen      total 56832K, used 39935K [0x00000000f5580000, 0x00000000f9e80000, 0x0000000100000000)
  eden space 39936K, 99% used [0x00000000f5580000,0x00000000f7c7ff90,0x00000000f7c80000)
  from space 16896K, 0% used [0x00000000f7c80000,0x00000000f7c80000,0x00000000f8d00000)
  to   space 14336K, 0% used [0x00000000f8e00000,0x00000000f8e00000,0x00000000f9c00000)
 ParOldGen       total 349696K, used 349694K [0x00000000e0000000, 0x00000000f5580000, 0x00000000f5580000)
  object space 349696K, 99% used [0x00000000e0000000,0x00000000f557fbf0,0x00000000f5580000)
 Metaspace       used 60389K, committed 61632K, reserved 1105920K
  class space    used 5942K, committed 6464K, reserved 1048576K
}
Event: 334.296 GC heap before
{Heap before GC invocations=211 (full 136):
 PSYoungGen      total 56832K, used 39936K [0x00000000f5580000, 0x00000000f9e80000, 0x0000000100000000)
  eden space 39936K, 100% used [0x00000000f5580000,0x00000000f7c80000,0x00000000f7c80000)
  from space 16896K, 0% used [0x00000000f7c80000,0x00000000f7c80000,0x00000000f8d00000)
  to   space 14336K, 0% used [0x00000000f8e00000,0x00000000f8e00000,0x00000000f9c00000)
 ParOldGen       total 349696K, used 349695K [0x00000000e0000000, 0x00000000f5580000, 0x00000000f5580000)
  object space 349696K, 99% used [0x00000000e0000000,0x00000000f557ffb8,0x00000000f5580000)
 Metaspace       used 60389K, committed 61632K, reserved 1105920K
  class space    used 5942K, committed 6464K, reserved 1048576K
}
Event: 336.448 GC heap after
{Heap after GC invocations=211 (full 136):
 PSYoungGen      total 54272K, used 39935K [0x00000000f5580000, 0x00000000f9e80000, 0x0000000100000000)
  eden space 39936K, 99% used [0x00000000f5580000,0x00000000f7c7fcf0,0x00000000f7c80000)
  from space 14336K, 0% used [0x00000000f8e00000,0x00000000f8e00000,0x00000000f9c00000)
  to   space 16896K, 0% used [0x00000000f7c80000,0x00000000f7c80000,0x00000000f8d00000)
 ParOldGen       total 349696K, used 349694K [0x00000000e0000000, 0x00000000f5580000, 0x00000000f5580000)
  object space 349696K, 99% used [0x00000000e0000000,0x00000000f557fbf0,0x00000000f5580000)
 Metaspace       used 60389K, committed 61632K, reserved 1105920K
  class space    used 5942K, committed 6464K, reserved 1048576K
}
Event: 336.448 GC heap before
{Heap before GC invocations=212 (full 137):
 PSYoungGen      total 54272K, used 39935K [0x00000000f5580000, 0x00000000f9e80000, 0x0000000100000000)
  eden space 39936K, 99% used [0x00000000f5580000,0x00000000f7c7fcf0,0x00000000f7c80000)
  from space 14336K, 0% used [0x00000000f8e00000,0x00000000f8e00000,0x00000000f9c00000)
  to   space 16896K, 0% used [0x00000000f7c80000,0x00000000f7c80000,0x00000000f8d00000)
 ParOldGen       total 349696K, used 349694K [0x00000000e0000000, 0x00000000f5580000, 0x00000000f5580000)
  object space 349696K, 99% used [0x00000000e0000000,0x00000000f557fbf0,0x00000000f5580000)
 Metaspace       used 60389K, committed 61632K, reserved 1105920K
  class space    used 5942K, committed 6464K, reserved 1048576K
}
Event: 338.108 GC heap after
{Heap after GC invocations=212 (full 137):
 PSYoungGen      total 56832K, used 39935K [0x00000000f5580000, 0x00000000f9e80000, 0x0000000100000000)
  eden space 39936K, 99% used [0x00000000f5580000,0x00000000f7c7fcf0,0x00000000f7c80000)
  from space 16896K, 0% used [0x00000000f7c80000,0x00000000f7c80000,0x00000000f8d00000)
  to   space 14336K, 0% used [0x00000000f8e00000,0x00000000f8e00000,0x00000000f9c00000)
 ParOldGen       total 349696K, used 349694K [0x00000000e0000000, 0x00000000f5580000, 0x00000000f5580000)
  object space 349696K, 99% used [0x00000000e0000000,0x00000000f557fbf0,0x00000000f5580000)
 Metaspace       used 60389K, committed 61632K, reserved 1105920K
  class space    used 5942K, committed 6464K, reserved 1048576K
}

Dll operation events (9 events):
Event: 0.010 Loaded shared library /nix/store/gpxl5qgg8kicmcvivwmybwjlpf7wh20l-graalvm17-ce-22.3.0/lib/libjava.so
Event: 0.027 Loaded shared library /nix/store/gpxl5qgg8kicmcvivwmybwjlpf7wh20l-graalvm17-ce-22.3.0/lib/libjsvml.so
Event: 0.339 Loaded shared library /nix/store/gpxl5qgg8kicmcvivwmybwjlpf7wh20l-graalvm17-ce-22.3.0/lib/libnio.so
Event: 0.347 Loaded shared library /nix/store/gpxl5qgg8kicmcvivwmybwjlpf7wh20l-graalvm17-ce-22.3.0/lib/libjvmcicompiler.so
Event: 0.357 Loaded shared library /nix/store/gpxl5qgg8kicmcvivwmybwjlpf7wh20l-graalvm17-ce-22.3.0/lib/libzip.so
Event: 0.823 Loaded shared library /nix/store/gpxl5qgg8kicmcvivwmybwjlpf7wh20l-graalvm17-ce-22.3.0/lib/libjimage.so
Event: 1.348 Loaded shared library /nix/store/gpxl5qgg8kicmcvivwmybwjlpf7wh20l-graalvm17-ce-22.3.0/lib/libnet.so
Event: 5.221 Loaded shared library /home/runner/.cache/jdt-language-server/config/org.eclipse.equinox.launcher/org.eclipse.equinox.launcher.gtk.linux.x86_64_1.2.400.v20211117-0650/eclipse_11600.so
Event: 15.643 Loaded shared library /nix/store/gpxl5qgg8kicmcvivwmybwjlpf7wh20l-graalvm17-ce-22.3.0/lib/libextnet.so

Deoptimization events (20 events):
Event: 67.825 Thread 0x00007fcb34481720 DEOPT PACKING pc=0x00007fcb8825a95d sp=0x00007fcb4b7fe530
Event: 67.825 Thread 0x00007fcb34481720 DEOPT UNPACKING pc=0x00007fcb87505325 sp=0x00007fcb4b7fda20 mode 0
Event: 67.827 Thread 0x00007fcb34481720 DEOPT PACKING pc=0x00007fcb8825a8ec sp=0x00007fcb4b7fe530
Event: 67.827 Thread 0x00007fcb34481720 DEOPT UNPACKING pc=0x00007fcb87505325 sp=0x00007fcb4b7fda20 mode 0
Event: 67.897 Thread 0x00007fcb34481720 DEOPT PACKING pc=0x00007fcb8825a95d sp=0x00007fcb4b7fe530
Event: 67.897 Thread 0x00007fcb34481720 DEOPT UNPACKING pc=0x00007fcb87505325 sp=0x00007fcb4b7fda20 mode 0
Event: 67.899 Thread 0x00007fcb34481720 DEOPT PACKING pc=0x00007fcb8825a8ec sp=0x00007fcb4b7fe530
Event: 67.899 Thread 0x00007fcb34481720 DEOPT UNPACKING pc=0x00007fcb87505325 sp=0x00007fcb4b7fda20 mode 0
Event: 67.900 Thread 0x00007fcb34481720 DEOPT PACKING pc=0x00007fcb8825a95d sp=0x00007fcb4b7fe530
Event: 67.900 Thread 0x00007fcb34481720 DEOPT UNPACKING pc=0x00007fcb87505325 sp=0x00007fcb4b7fda20 mode 0
Event: 67.902 Thread 0x00007fcb34481720 DEOPT PACKING pc=0x00007fcb8825a95d sp=0x00007fcb4b7fe530
Event: 67.902 Thread 0x00007fcb34481720 DEOPT UNPACKING pc=0x00007fcb87505325 sp=0x00007fcb4b7fda20 mode 0
Event: 67.904 Thread 0x00007fcb34481720 DEOPT PACKING pc=0x00007fcb8825a95d sp=0x00007fcb4b7fe530
Event: 67.904 Thread 0x00007fcb34481720 DEOPT UNPACKING pc=0x00007fcb87505325 sp=0x00007fcb4b7fda20 mode 0
Event: 67.906 Thread 0x00007fcb34481720 DEOPT PACKING pc=0x00007fcb8825a95d sp=0x00007fcb4b7fe530
Event: 67.906 Thread 0x00007fcb34481720 DEOPT UNPACKING pc=0x00007fcb87505325 sp=0x00007fcb4b7fda20 mode 0
Event: 67.910 Thread 0x00007fcb34481720 DEOPT PACKING pc=0x00007fcb8825a95d sp=0x00007fcb4b7fe530
Event: 67.910 Thread 0x00007fcb34481720 DEOPT UNPACKING pc=0x00007fcb87505325 sp=0x00007fcb4b7fda20 mode 0
Event: 67.911 Thread 0x00007fcb34481720 DEOPT PACKING pc=0x00007fcb8825a8ec sp=0x00007fcb4b7fe530
Event: 67.911 Thread 0x00007fcb34481720 DEOPT UNPACKING pc=0x00007fcb87505325 sp=0x00007fcb4b7fda20 mode 0

Classes unloaded (20 events):
Event: 166.219 Thread 0x00007fcba00a1c10 Unloading class 0x0000000801128c00 'jdk/internal/reflect/GeneratedSerializationConstructorAccessor10'
Event: 166.219 Thread 0x00007fcba00a1c10 Unloading class 0x0000000801128800 'jdk/internal/reflect/GeneratedSerializationConstructorAccessor9'
Event: 166.219 Thread 0x00007fcba00a1c10 Unloading class 0x0000000801128400 'jdk/internal/reflect/GeneratedSerializationConstructorAccessor8'
Event: 166.219 Thread 0x00007fcba00a1c10 Unloading class 0x0000000801128000 'jdk/internal/reflect/GeneratedConstructorAccessor37'
Event: 166.219 Thread 0x00007fcba00a1c10 Unloading class 0x0000000801118400 'jdk/internal/reflect/GeneratedSerializationConstructorAccessor7'
Event: 166.219 Thread 0x00007fcba00a1c10 Unloading class 0x0000000801118000 'jdk/internal/reflect/GeneratedSerializationConstructorAccessor6'
Event: 166.219 Thread 0x00007fcba00a1c10 Unloading class 0x0000000801111c00 'jdk/internal/reflect/GeneratedSerializationConstructorAccessor5'
Event: 166.219 Thread 0x00007fcba00a1c10 Unloading class 0x0000000801111800 'jdk/internal/reflect/GeneratedSerializationConstructorAccessor4'
Event: 166.219 Thread 0x00007fcba00a1c10 Unloading class 0x0000000801110000 'jdk/internal/reflect/GeneratedConstructorAccessor36'
Event: 166.219 Thread 0x00007fcba00a1c10 Unloading class 0x00000008010ecc00 'jdk/internal/reflect/GeneratedMethodAccessor10'
Event: 166.219 Thread 0x00007fcba00a1c10 Unloading class 0x00000008010ec800 'jdk/internal/reflect/GeneratedMethodAccessor9'
Event: 166.219 Thread 0x00007fcba00a1c10 Unloading class 0x00000008010ec400 'jdk/internal/reflect/GeneratedMethodAccessor8'
Event: 166.219 Thread 0x00007fcba00a1c10 Unloading class 0x00000008010ec000 'jdk/internal/reflect/GeneratedMethodAccessor7'
Event: 166.219 Thread 0x00007fcba00a1c10 Unloading class 0x00000008010c6000 'jdk/internal/reflect/GeneratedSerializationConstructorAccessor3'
Event: 166.219 Thread 0x00007fcba00a1c10 Unloading class 0x000000080109a400 'jdk/internal/reflect/GeneratedSerializationConstructorAccessor2'
Event: 166.219 Thread 0x00007fcba00a1c10 Unloading class 0x000000080109a000 'jdk/internal/reflect/GeneratedSerializationConstructorAccessor1'
Event: 166.219 Thread 0x00007fcba00a1c10 Unloading class 0x0000000800ee9000 'jdk/internal/reflect/GeneratedConstructorAccessor12'
Event: 166.219 Thread 0x00007fcba00a1c10 Unloading class 0x0000000800ee8800 'jdk/internal/reflect/GeneratedConstructorAccessor10'
Event: 166.219 Thread 0x00007fcba00a1c10 Unloading class 0x0000000800ee8400 'jdk/internal/reflect/GeneratedConstructorAccessor9'
Event: 166.219 Thread 0x00007fcba00a1c10 Unloading class 0x0000000800ee8000 'jdk/internal/reflect/GeneratedConstructorAccessor8'

Classes redefined (0 events):
No events

Internal exceptions (20 events):
Event: 40.533 Thread 0x00007fcb34305650 Exception <a 'java/lang/NoSuchMethodError'{0x00000000f63cf958}: static [Lorg/eclipse/core/runtime/IPath;.<clinit>()V> (0x00000000f63cf958) 
thrown [src/hotspot/share/prims/jni.cpp, line 1107]
Event: 40.596 Thread 0x00007fcb34305650 Exception <a 'java/lang/NoSuchMethodError'{0x00000000f644ee18}: static [J.<clinit>()V> (0x00000000f644ee18) 
thrown [src/hotspot/share/prims/jni.cpp, line 1107]
Event: 42.698 Thread 0x00007fcba03d0e50 Implicit null exception at 0x00007fcb8f14af4f to 0x00007fcb8f14b5ab
Event: 43.077 Thread 0x00007fcb0c000ff0 Exception <a 'java/io/FileNotFoundException'{0x00000000f59416a0}> (0x00000000f59416a0) 
thrown [src/hotspot/share/prims/jni.cpp, line 516]
Event: 43.288 Thread 0x00007fcb08001130 Exception <a 'java/lang/NoSuchMethodError'{0x00000000f5ccca30}: 'java.lang.Object java.lang.invoke.DirectMethodHandle$Holder.invokeStatic(java.lang.Object, java.lang.Object, java.lang.Object, long)'> (0x00000000f5ccca30) 
thrown [src/hotspot/share/interpreter/linkResolver.cpp, line 758]
Event: 43.289 Thread 0x00007fcb08001130 Exception <a 'java/lang/NoSuchMethodError'{0x00000000f5cdec00}: 'java.lang.Object java.lang.invoke.DirectMethodHandle$Holder.newInvokeSpecial(java.lang.Object, java.lang.Object, java.lang.Object, long)'> (0x00000000f5cdec00) 
thrown [src/hotspot/share/interpreter/linkResolver.cpp, line 758]
Event: 43.289 Thread 0x00007fcb08001130 Exception <a 'java/lang/NoSuchMethodError'{0x00000000f5ce3fe0}: 'java.lang.Object java.lang.invoke.DirectMethodHandle$Holder.invokeSpecial(java.lang.Object, java.lang.Object, java.lang.Object, java.lang.Object, long)'> (0x00000000f5ce3fe0) 
thrown [src/hotspot/share/interpreter/linkResolver.cpp, line 758]
Event: 43.290 Thread 0x00007fcb08001130 Exception <a 'java/lang/NoSuchMethodError'{0x00000000f5ce7ff0}: 'java.lang.Object java.lang.invoke.Invokers$Holder.linkToTargetMethod(java.lang.Object, java.lang.Object, long, java.lang.Object)'> (0x00000000f5ce7ff0) 
thrown [src/hotspot/share/interpreter/linkResolver.cpp, line 758]
Event: 43.309 Thread 0x00007fcb08001130 Exception <a 'java/lang/NoSuchMethodError'{0x00000000f5d23438}: 'java.lang.Object java.lang.invoke.DirectMethodHandle$Holder.newInvokeSpecial(java.lang.Object, java.lang.Object, int, java.lang.Object, java.lang.Object)'> (0x00000000f5d23438) 
thrown [src/hotspot/share/interpreter/linkResolver.cpp, line 758]
Event: 43.309 Thread 0x00007fcb08001130 Exception <a 'java/lang/NoSuchMethodError'{0x00000000f5d28950}: 'java.lang.Object java.lang.invoke.DirectMethodHandle$Holder.invokeSpecial(java.lang.Object, java.lang.Object, java.lang.Object, int, java.lang.Object, java.lang.Object)'> (0x00000000f5d28950) 
thrown [src/hotspot/share/interpreter/linkResolver.cpp, line 758]
Event: 43.436 Thread 0x00007fcb08001130 Exception <a 'java/lang/NoSuchMethodError'{0x00000000f64c32f8}: 'java.lang.Object java.lang.invoke.DirectMethodHandle$Holder.newInvokeSpecial(java.lang.Object, java.lang.Object, java.lang.Object, int, java.lang.Object)'> (0x00000000f64c32f8) 
thrown [src/hotspot/share/interpreter/linkResolver.cpp, line 758]
Event: 43.466 Thread 0x00007fcb08001130 Exception <a 'java/lang/NoSuchMethodError'{0x00000000f67c4630}: 'java.lang.Object java.lang.invoke.DirectMethodHandle$Holder.invokeSpecial(java.lang.Object, java.lang.Object, java.lang.Object, java.lang.Object, int, java.lang.Object)'> (0x00000000f67c4630) 
thrown [src/hotspot/share/interpreter/linkResolver.cpp, line 758]
Event: 43.473 Thread 0x00007fcb08001130 Exception <a 'java/lang/NoSuchMethodError'{0x00000000f67c8fb0}: 'java.lang.Object java.lang.invoke.Invokers$Holder.linkToTargetMethod(java.lang.Object, java.lang.Object, int, java.lang.Object, java.lang.Object)'> (0x00000000f67c8fb0) 
thrown [src/hotspot/share/interpreter/linkResolver.cpp, line 758]
Event: 46.274 Thread 0x00007fcb0c000ff0 Implicit null exception at 0x00007fcb8f0bf669 to 0x00007fcb8f0bf81b
Event: 52.597 Thread 0x00007fcb34481720 Implicit null exception at 0x00007fcb8f173abd to 0x00007fcb8f173faa
Event: 55.097 Thread 0x00007fcb28169a80 Exception <a 'java/lang/NoSuchMethodError'{0x00000000f59f49e8}: 'java.lang.Object java.lang.invoke.DirectMethodHandle$Holder.invokeStatic(java.lang.Object, int, java.lang.Object, java.lang.Object, java.lang.Object, java.lang.Object)'> (0x00000000f59f49e8) 
thrown [src/hotspot/share/interpreter/linkResolver.cpp, line 758]
Event: 55.098 Thread 0x00007fcb28169a80 Exception <a 'java/lang/NoSuchMethodError'{0x00000000f59fcf08}: 'java.lang.Object java.lang.invoke.DirectMethodHandle$Holder.newInvokeSpecial(java.lang.Object, int, java.lang.Object, java.lang.Object, java.lang.Object)'> (0x00000000f59fcf08) 
thrown [src/hotspot/share/interpreter/linkResolver.cpp, line 758]
Event: 55.302 Thread 0x00007fcb28169a80 Exception <a 'java/lang/NoSuchMethodError'{0x00000000f6648498}: 'void java.lang.invoke.DirectMethodHandle$Holder.invokeSpecial(java.lang.Object, java.lang.Object, int)'> (0x00000000f6648498) 
thrown [src/hotspot/share/interpreter/linkResolver.cpp, line 758]
Event: 56.523 Thread 0x00007fcb28169a80 Exception <a 'java/lang/NoSuchMethodError'{0x00000000f5d97f98}: 'int java.lang.invoke.DirectMethodHandle$Holder.invokeSpecialIFC(java.lang.Object, java.lang.Object, java.lang.Object, java.lang.Object)'> (0x00000000f5d97f98) 
thrown [src/hotspot/share/interpreter/linkResolver.cpp, line 758]
Event: 338.109 Thread 0x00007fcba00b2210 Exception <a 'java/lang/OutOfMemoryError'{0x00000000e0011d50}> (0x00000000e0011d50) 
thrown [src/hotspot/share/gc/shared/memAllocator.cpp, line 136]

VM Operations (20 events):
Event: 306.398 Executing VM operation: ParallelGCFailedAllocation
Event: 308.192 Executing VM operation: ParallelGCFailedAllocation done
Event: 308.192 Executing VM operation: ParallelGCFailedAllocation
Event: 310.204 Executing VM operation: ParallelGCFailedAllocation done
Event: 310.204 Executing VM operation: ParallelGCFailedAllocation
Event: 311.882 Executing VM operation: ParallelGCFailedAllocation done
Event: 311.882 Executing VM operation: ParallelGCFailedAllocation
Event: 313.976 Executing VM operation: ParallelGCFailedAllocation done
Event: 313.976 Executing VM operation: ParallelGCFailedAllocation
Event: 316.898 Executing VM operation: ParallelGCFailedAllocation done
Event: 316.898 Executing VM operation: ParallelGCFailedAllocation
Event: 321.442 Executing VM operation: ParallelGCFailedAllocation done
Event: 321.443 Executing VM operation: ParallelGCFailedAllocation
Event: 325.866 Executing VM operation: ParallelGCFailedAllocation done
Event: 325.866 Executing VM operation: ParallelGCFailedAllocation
Event: 329.399 Executing VM operation: ParallelGCFailedAllocation done
Event: 329.404 Executing VM operation: ParallelGCFailedAllocation
Event: 334.296 Executing VM operation: ParallelGCFailedAllocation done
Event: 334.296 Executing VM operation: ParallelGCFailedAllocation
Event: 338.109 Executing VM operation: ParallelGCFailedAllocation done

Events (20 events):
Event: 54.427 Thread 0x00007fcba00b4b70 flushing nmethod 0x00007fcb8899cb90
Event: 54.427 Thread 0x00007fcba00b4b70 flushing nmethod 0x00007fcb889ae410
Event: 54.427 Thread 0x00007fcba00b4b70 flushing nmethod 0x00007fcb889bf690
Event: 54.427 Thread 0x00007fcba00b4b70 flushing nmethod 0x00007fcb889c5590
Event: 55.030 loading class java/lang/Throwable$WrappedPrintWriter
Event: 55.030 loading class java/lang/Throwable$WrappedPrintWriter done
Event: 55.602 loading class java/util/AbstractList$SubList
Event: 55.602 loading class java/util/AbstractList$SubList done
Event: 55.720 loading class java/util/concurrent/ConcurrentHashMap$TreeNode
Event: 55.721 loading class java/util/concurrent/ConcurrentHashMap$TreeNode done
Event: 55.721 loading class java/util/concurrent/ConcurrentHashMap$TreeBin
Event: 55.721 loading class java/util/concurrent/ConcurrentHashMap$TreeBin done
Event: 56.600 Thread 0x00007fcb28169a80 Thread exited: 0x00007fcb28169a80
Event: 61.466 Thread 0x00007fcba020e050 Thread exited: 0x00007fcba020e050
Event: 96.235 Thread 0x00007fcb0043ec90 Thread exited: 0x00007fcb0043ec90
Event: 96.236 Thread 0x00007fcb04005d60 Thread exited: 0x00007fcb04005d60
Event: 114.723 Thread 0x00007fcb34305650 Thread exited: 0x00007fcb34305650
Event: 117.648 Thread 0x00007fcb180010d0 Thread exited: 0x00007fcb180010d0
Event: 117.648 Thread 0x00007fcb08001130 Thread exited: 0x00007fcb08001130
Event: 117.648 Thread 0x00007fcb240010d0 Thread exited: 0x00007fcb240010d0


Dynamic libraries:
e0000000-f5580000 rw-p 00000000 00:00 0 
f5580000-f9e80000 rw-p 00000000 00:00 0 
f9e80000-100000000 ---p 00000000 00:00 0 
800000000-800449000 rw-p 00001000 00:1e44 4611686019135357769            /nix/store/gpxl5qgg8kicmcvivwmybwjlpf7wh20l-graalvm17-ce-22.3.0/lib/server/classes.jsa
800449000-800bc8000 r--p 0044a000 00:1e44 4611686019135357769            /nix/store/gpxl5qgg8kicmcvivwmybwjlpf7wh20l-graalvm17-ce-22.3.0/lib/server/classes.jsa
800bc8000-800c00000 ---p 00000000 00:00 0 
800c00000-800c20000 rw-p 00000000 00:00 0 
800c20000-800c40000 rw-p 00000000 00:00 0 
800c40000-800cc0000 rw-p 00000000 00:00 0 
800cc0000-800d00000 rw-p 00000000 00:00 0 
800d00000-800dc0000 rw-p 00000000 00:00 0 
800dc0000-800e00000 rw-p 00000000 00:00 0 
800e00000-800f40000 rw-p 00000000 00:00 0 
800f40000-800fc0000 rw-p 00000000 00:00 0 
800fc0000-801000000 rw-p 00000000 00:00 0 
801000000-801250000 rw-p 00000000 00:00 0 
801250000-840c00000 ---p 00000000 00:00 0 
562c9f7ac000-562c9f7ad000 r-xp 00000000 00:1e44 4611686019099417844      /nix/store/gpxl5qgg8kicmcvivwmybwjlpf7wh20l-graalvm17-ce-22.3.0/bin/.java-wrapped
562c9f7ae000-562c9f7af000 r--p 00001000 00:1e44 4611686019099417844      /nix/store/gpxl5qgg8kicmcvivwmybwjlpf7wh20l-graalvm17-ce-22.3.0/bin/.java-wrapped
562c9f7af000-562c9f7b0000 rw-p 00002000 00:1e44 4611686019099417844      /nix/store/gpxl5qgg8kicmcvivwmybwjlpf7wh20l-graalvm17-ce-22.3.0/bin/.java-wrapped
562c9f7b0000-562c9f7b1000 rw-p 00004000 00:1e44 4611686019099417844      /nix/store/gpxl5qgg8kicmcvivwmybwjlpf7wh20l-graalvm17-ce-22.3.0/bin/.java-wrapped
562c9f7b1000-562c9f7b2000 rw-p 00005000 00:1e44 4611686019099417844      /nix/store/gpxl5qgg8kicmcvivwmybwjlpf7wh20l-graalvm17-ce-22.3.0/bin/.java-wrapped
562ca0628000-562ca0670000 rw-p 00000000 00:00 0                          [heap]
7fcad8000000-7fcad8024000 rw-p 00000000 00:00 0 
7fcad8024000-7fcadc000000 ---p 00000000 00:00 0 
7fcadc000000-7fcadc139000 rw-p 00000000 00:00 0 
7fcadc139000-7fcae0000000 ---p 00000000 00:00 0 
7fcae0000000-7fcae0021000 rw-p 00000000 00:00 0 
7fcae0021000-7fcae4000000 ---p 00000000 00:00 0 
7fcae4000000-7fcae4021000 rw-p 00000000 00:00 0 
7fcae4021000-7fcae8000000 ---p 00000000 00:00 0 
7fcae8000000-7fcae8021000 rw-p 00000000 00:00 0 
7fcae8021000-7fcaec000000 ---p 00000000 00:00 0 
7fcaec000000-7fcaec021000 rw-p 00000000 00:00 0 
7fcaec021000-7fcaf0000000 ---p 00000000 00:00 0 
7fcaf0000000-7fcaf0021000 rw-p 00000000 00:00 0 
7fcaf0021000-7fcaf4000000 ---p 00000000 00:00 0 
7fcaf5c00000-7fcaf6230000 rw-p 00000000 00:00 0 
7fcaf6230000-7fcaf6400000 ---p 00000000 00:00 0 
7fcaf64b3000-7fcb00000000 r--s 00000000 00:1e44 4611686019135192581      /nix/store/gpxl5qgg8kicmcvivwmybwjlpf7wh20l-graalvm17-ce-22.3.0/lib/modules
7fcb00000000-7fcb005fe000 rw-p 00000000 00:00 0 
7fcb005fe000-7fcb04000000 ---p 00000000 00:00 0 
7fcb04000000-7fcb04021000 rw-p 00000000 00:00 0 
7fcb04021000-7fcb08000000 ---p 00000000 00:00 0 
7fcb08000000-7fcb08109000 rw-p 00000000 00:00 0 
7fcb08109000-7fcb0c000000 ---p 00000000 00:00 0 
7fcb0c000000-7fcb0c0a6000 rw-p 00000000 00:00 0 
7fcb0c0a6000-7fcb10000000 ---p 00000000 00:00 0 
7fcb10000000-7fcb10021000 rw-p 00000000 00:00 0 
7fcb10021000-7fcb14000000 ---p 00000000 00:00 0 
7fcb14000000-7fcb14021000 rw-p 00000000 00:00 0 
7fcb14021000-7fcb18000000 ---p 00000000 00:00 0 
7fcb18000000-7fcb1805d000 rw-p 00000000 00:00 0 
7fcb1805d000-7fcb1c000000 ---p 00000000 00:00 0 
7fcb1c000000-7fcb1c09b000 rw-p 00000000 00:00 0 
7fcb1c09b000-7fcb20000000 ---p 00000000 00:00 0 
7fcb20000000-7fcb20021000 rw-p 00000000 00:00 0 
7fcb20021000-7fcb24000000 ---p 00000000 00:00 0 
7fcb24000000-7fcb24314000 rw-p 00000000 00:00 0 
7fcb24314000-7fcb28000000 ---p 00000000 00:00 0 
7fcb28000000-7fcb2819a000 rw-p 00000000 00:00 0 
7fcb2819a000-7fcb2c000000 ---p 00000000 00:00 0 
7fcb2c000000-7fcb2c021000 rw-p 00000000 00:00 0 
7fcb2c021000-7fcb30000000 ---p 00000000 00:00 0 
7fcb30400000-7fcb30700000 rw-p 00000000 00:00 0 
7fcb30700000-7fcb307b0000 rw-p 00000000 00:00 0 
7fcb307b0000-7fcb30800000 ---p 00000000 00:00 0 
7fcb30800000-7fcb30c00000 rw-p 00000000 00:00 0 
7fcb32000000-7fcb32100000 rw-p 00000000 00:00 0 
7fcb32100000-7fcb32200000 rw-p 00000000 00:00 0 
7fcb32200000-7fcb32800000 rw-p 00000000 00:00 0 
7fcb32800000-7fcb32900000 rw-p 00000000 00:00 0 
7fcb32900000-7fcb32a00000 rw-p 00000000 00:00 0 
7fcb32a00000-7fcb32b00000 rw-p 00000000 00:00 0 
7fcb32b00000-7fcb32c00000 rw-p 00000000 00:00 0 
7fcb32c00000-7fcb32d00000 rw-p 00000000 00:00 0 
7fcb32d00000-7fcb32e00000 rw-p 00000000 00:00 0 
7fcb32e00000-7fcb33000000 rw-p 00000000 00:00 0 
7fcb33000000-7fcb33100000 rw-p 00000000 00:00 0 
7fcb33100000-7fcb33200000 rw-p 00000000 00:00 0 
7fcb33200000-7fcb33780000 rw-p 00000000 00:00 0 
7fcb33780000-7fcb33800000 rw-p 00000000 00:00 0 
7fcb33800000-7fcb33900000 rw-p 00000000 00:00 0 
7fcb33900000-7fcb33a00000 rw-p 00000000 00:00 0 
7fcb33a00000-7fcb33d00000 rw-p 00000000 00:00 0 
7fcb33d00000-7fcb33e00000 rw-p 00000000 00:00 0 
7fcb33e00000-7fcb34000000 rw-p 00000000 00:00 0 
7fcb34000000-7fcb348cb000 rw-p 00000000 00:00 0 
7fcb348cb000-7fcb38000000 ---p 00000000 00:00 0 
7fcb38000000-7fcb38025000 rw-p 00000000 00:00 0 
7fcb38025000-7fcb3c000000 ---p 00000000 00:00 0 
7fcb3c000000-7fcb3c021000 rw-p 00000000 00:00 0 
7fcb3c021000-7fcb40000000 ---p 00000000 00:00 0 
7fcb40000000-7fcb40021000 rw-p 00000000 00:00 0 
7fcb40021000-7fcb44000000 ---p 00000000 00:00 0 
7fcb44000000-7fcb44021000 rw-p 00000000 00:00 0 
7fcb44021000-7fcb48000000 ---p 00000000 00:00 0 
7fcb48400000-7fcb48410000 r-xp 00000000 00:1e41 353                      /home/runner/.cache/jdt-language-server/config/org.eclipse.equinox.launcher/org.eclipse.equinox.launcher.gtk.linux.x86_64_1.2.400.v20211117-0650/eclipse_11600.so
7fcb48410000-7fcb4860f000 ---p 00010000 00:1e41 353                      /home/runner/.cache/jdt-language-server/config/org.eclipse.equinox.launcher/org.eclipse.equinox.launcher.gtk.linux.x86_64_1.2.400.v20211117-0650/eclipse_11600.so
7fcb4860f000-7fcb48610000 r--p 0000f000 00:1e41 353                      /home/runner/.cache/jdt-language-server/config/org.eclipse.equinox.launcher/org.eclipse.equinox.launcher.gtk.linux.x86_64_1.2.400.v20211117-0650/eclipse_11600.so
7fcb48610000-7fcb48611000 rw-p 00010000 00:1e41 353                      /home/runner/.cache/jdt-language-server/config/org.eclipse.equinox.launcher/org.eclipse.equinox.launcher.gtk.linux.x86_64_1.2.400.v20211117-0650/eclipse_11600.so
7fcb49700000-7fcb49800000 ---p 00000000 00:00 0 
7fcb49800000-7fcb49daf000 r--p 01122000 00:1e44 4611686019135190040      /nix/store/gpxl5qgg8kicmcvivwmybwjlpf7wh20l-graalvm17-ce-22.3.0/lib/libjvmcicompiler.so
7fcb49daf000-7fcb49f00000 r--p 00000000 00:00 0 
7fcb49f00000-7fcb49f3d000 rw-p 00000000 00:00 0 
7fcb49f3d000-7fcb4a45d000 rw-p 0185f000 00:1e44 4611686019135190040      /nix/store/gpxl5qgg8kicmcvivwmybwjlpf7wh20l-graalvm17-ce-22.3.0/lib/libjvmcicompiler.so
7fcb4a45d000-7fcb4a844000 r--p 01d7f000 00:1e44 4611686019135190040      /nix/store/gpxl5qgg8kicmcvivwmybwjlpf7wh20l-graalvm17-ce-22.3.0/lib/libjvmcicompiler.so
7fcb4a900000-7fcb4a904000 ---p 00000000 00:00 0 
7fcb4a904000-7fcb4aa00000 rw-p 00000000 00:00 0 
7fcb4ab00000-7fcb4ab04000 ---p 00000000 00:00 0 
7fcb4ab04000-7fcb4ac00000 rw-p 00000000 00:00 0 
7fcb4ac00000-7fcb4ac04000 ---p 00000000 00:00 0 
7fcb4ac04000-7fcb4ad00000 rw-p 00000000 00:00 0 
7fcb4ad00000-7fcb4ad04000 ---p 00000000 00:00 0 
7fcb4ad04000-7fcb4ae00000 rw-p 00000000 00:00 0 
7fcb4ae00000-7fcb4ae04000 ---p 00000000 00:00 0 
7fcb4ae04000-7fcb4af00000 rw-p 00000000 00:00 0 
7fcb4af00000-7fcb4af04000 ---p 00000000 00:00 0 
7fcb4af04000-7fcb4b000000 rw-p 00000000 00:00 0 
7fcb4b000000-7fcb4b004000 ---p 00000000 00:00 0 
7fcb4b004000-7fcb4b100000 rw-p 00000000 00:00 0 
7fcb4b100000-7fcb4b104000 ---p 00000000 00:00 0 
7fcb4b104000-7fcb4b200000 rw-p 00000000 00:00 0 
7fcb4b200000-7fcb4b204000 ---p 00000000 00:00 0 
7fcb4b204000-7fcb4b300000 rw-p 00000000 00:00 0 
7fcb4b300000-7fcb4b304000 ---p 00000000 00:00 0 
7fcb4b304000-7fcb4b400000 rw-p 00000000 00:00 0 
7fcb4b500000-7fcb4b504000 ---p 00000000 00:00 0 
7fcb4b504000-7fcb4b600000 rw-p 00000000 00:00 0 
7fcb4b700000-7fcb4b704000 ---p 00000000 00:00 0 
7fcb4b704000-7fcb4b800000 rw-p 00000000 00:00 0 
7fcb4b900000-7fcb4b904000 ---p 00000000 00:00 0 
7fcb4b904000-7fcb4ba00000 rw-p 00000000 00:00 0 
7fcb4bb00000-7fcb4bb04000 ---p 00000000 00:00 0 
7fcb4bb04000-7fcb4bc00000 rw-p 00000000 00:00 0 
7fcb4bc00000-7fcb4bc04000 ---p 00000000 00:00 0 
7fcb4bc04000-7fcb4bd00000 rw-p 00000000 00:00 0 
7fcb4bd00000-7fcb4bd04000 ---p 00000000 00:00 0 
7fcb4bd04000-7fcb4be00000 rw-p 00000000 00:00 0 
7fcb4bf00000-7fcb4bf04000 ---p 00000000 00:00 0 
7fcb4bf04000-7fcb4c000000 rw-p 00000000 00:00 0 
7fcb4c100000-7fcb4c104000 ---p 00000000 00:00 0 
7fcb4c104000-7fcb4c200000 rw-p 00000000 00:00 0 
7fcb4c300000-7fcb4c304000 ---p 00000000 00:00 0 
7fcb4c304000-7fcb4c400000 rw-p 00000000 00:00 0 
7fcb4c400000-7fcb4c404000 ---p 00000000 00:00 0 
7fcb4c404000-7fcb4c500000 rw-p 00000000 00:00 0 
7fcb4c500000-7fcb4c504000 ---p 00000000 00:00 0 
7fcb4c504000-7fcb4c600000 rw-p 00000000 00:00 0 
7fcb4c700000-7fcb4c704000 ---p 00000000 00:00 0 
7fcb4c704000-7fcb4c800000 rw-p 00000000 00:00 0 
7fcb4c900000-7fcb4c904000 ---p 00000000 00:00 0 
7fcb4c904000-7fcb4ca00000 rw-p 00000000 00:00 0 
7fcb4d668000-7fcb4db00000 rw-p 00000000 00:00 0 
7fcb4dc00000-7fcb4fd6a000 r-xp 00000000 00:1e44 4611686019135190040      /nix/store/gpxl5qgg8kicmcvivwmybwjlpf7wh20l-graalvm17-ce-22.3.0/lib/libjvmcicompiler.so
7fcb4fd6a000-7fcb4ff69000 ---p 0216a000 00:1e44 4611686019135190040      /nix/store/gpxl5qgg8kicmcvivwmybwjlpf7wh20l-graalvm17-ce-22.3.0/lib/libjvmcicompiler.so
7fcb4ff69000-7fcb4ff6a000 r--p 02169000 00:1e44 4611686019135190040      /nix/store/gpxl5qgg8kicmcvivwmybwjlpf7wh20l-graalvm17-ce-22.3.0/lib/libjvmcicompiler.so
7fcb4ff6a000-7fcb4ff6c000 rw-p 0216a000 00:1e44 4611686019135190040      /nix/store/gpxl5qgg8kicmcvivwmybwjlpf7wh20l-graalvm17-ce-22.3.0/lib/libjvmcicompiler.so
7fcb4ff6c000-7fcb4ff6d000 rw-p 00000000 00:00 0 
7fcb4ff6d000-7fcb4ff72000 rw-p 023c3000 00:1e44 4611686019135190040      /nix/store/gpxl5qgg8kicmcvivwmybwjlpf7wh20l-graalvm17-ce-22.3.0/lib/libjvmcicompiler.so
7fcb50000000-7fcb50021000 rw-p 00000000 00:00 0 
7fcb50021000-7fcb54000000 ---p 00000000 00:00 0 
7fcb54000000-7fcb54021000 rw-p 00000000 00:00 0 
7fcb54021000-7fcb58000000 ---p 00000000 00:00 0 
7fcb58000000-7fcb58021000 rw-p 00000000 00:00 0 
7fcb58021000-7fcb5c000000 ---p 00000000 00:00 0 
7fcb5c000000-7fcb5c021000 rw-p 00000000 00:00 0 
7fcb5c021000-7fcb60000000 ---p 00000000 00:00 0 
7fcb60000000-7fcb600c6000 rw-p 00000000 00:00 0 
7fcb600c6000-7fcb64000000 ---p 00000000 00:00 0 
7fcb64000000-7fcb64bf6000 rw-p 00000000 00:00 0 
7fcb64bf6000-7fcb68000000 ---p 00000000 00:00 0 
7fcb68000000-7fcb68021000 rw-p 00000000 00:00 0 
7fcb68021000-7fcb6c000000 ---p 00000000 00:00 0 
7fcb6c000000-7fcb6c021000 rw-p 00000000 00:00 0 
7fcb6c021000-7fcb70000000 ---p 00000000 00:00 0 
7fcb70000000-7fcb70021000 rw-p 00000000 00:00 0 
7fcb70021000-7fcb74000000 ---p 00000000 00:00 0 
7fcb74000000-7fcb74021000 rw-p 00000000 00:00 0 
7fcb74021000-7fcb78000000 ---p 00000000 00:00 0 
7fcb78000000-7fcb78021000 rw-p 00000000 00:00 0 
7fcb78021000-7fcb7c000000 ---p 00000000 00:00 0 
7fcb7c000000-7fcb7c021000 rw-p 00000000 00:00 0 
7fcb7c021000-7fcb80000000 ---p 00000000 00:00 0 
7fcb80000000-7fcb80044000 rw-p 00000000 00:00 0 
7fcb80044000-7fcb84000000 ---p 00000000 00:00 0 
7fcb84018000-7fcb84019000 ---p 00000000 00:00 0 
7fcb84019000-7fcb8411a000 rw-p 00000000 00:00 0 
7fcb8411a000-7fcb8411e000 ---p 00000000 00:00 0 
7fcb8411e000-7fcb8421a000 rw-p 00000000 00:00 0 
7fcb8421a000-7fcb8421e000 ---p 00000000 00:00 0 
7fcb8421e000-7fcb8431a000 rw-p 00000000 00:00 0 
7fcb8431a000-7fcb8431e000 ---p 00000000 00:00 0 
7fcb8431e000-7fcb8441a000 rw-p 00000000 00:00 0 
7fcb8441a000-7fcb8441e000 ---p 00000000 00:00 0 
7fcb8441e000-7fcb8461a000 rw-p 00000000 00:00 0 
7fcb8461a000-7fcb8461e000 ---p 00000000 00:00 0 
7fcb8461e000-7fcb8481a000 rw-p 00000000 00:00 0 
7fcb8481a000-7fcb8481e000 ---p 00000000 00:00 0 
7fcb8481e000-7fcb8491a000 rw-p 00000000 00:00 0 
7fcb8491a000-7fcb8491e000 ---p 00000000 00:00 0 
7fcb8491e000-7fcb84a1a000 rw-p 00000000 00:00 0 
7fcb84a1a000-7fcb84a1e000 ---p 00000000 00:00 0 
7fcb84a1e000-7fcb84b1a000 rw-p 00000000 00:00 0 
7fcb84b1a000-7fcb84e00000 r--p 00000000 00:1e33 28444448                 /usr/lib/locale/locale-archive
7fcb84e00000-7fcb84e04000 ---p 00000000 00:00 0 
7fcb84e04000-7fcb84f00000 rw-p 00000000 00:00 0 
7fcb84f00000-7fcb84f04000 ---p 00000000 00:00 0 
7fcb84f04000-7fcb85400000 rw-p 00000000 00:00 0 
7fcb85400000-7fcb85700000 rw-p 00000000 00:00 0 
7fcb85700000-7fcb85800000 rw-p 00000000 00:00 0 
7fcb85858000-7fcb8585c000 ---p 00000000 00:00 0 
7fcb8585c000-7fcb8587a000 rw-p 00000000 00:00 0 
7fcb8587a000-7fcb85881000 r-xp 00000000 00:1e44 4611686019135192580      /nix/store/gpxl5qgg8kicmcvivwmybwjlpf7wh20l-graalvm17-ce-22.3.0/lib/libzip.so
7fcb85881000-7fcb85882000 ---p 00007000 00:1e44 4611686019135192580      /nix/store/gpxl5qgg8kicmcvivwmybwjlpf7wh20l-graalvm17-ce-22.3.0/lib/libzip.so
7fcb85882000-7fcb85883000 r--p 00007000 00:1e44 4611686019135192580      /nix/store/gpxl5qgg8kicmcvivwmybwjlpf7wh20l-graalvm17-ce-22.3.0/lib/libzip.so
7fcb85883000-7fcb85884000 rw-p 00008000 00:1e44 4611686019135192580      /nix/store/gpxl5qgg8kicmcvivwmybwjlpf7wh20l-graalvm17-ce-22.3.0/lib/libzip.so
7fcb85884000-7fcb85886000 rw-p 0000b000 00:1e44 4611686019135192580      /nix/store/gpxl5qgg8kicmcvivwmybwjlpf7wh20l-graalvm17-ce-22.3.0/lib/libzip.so
7fcb85886000-7fcb8589b000 r-xp 00000000 00:1e44 4611686019135192570      /nix/store/gpxl5qgg8kicmcvivwmybwjlpf7wh20l-graalvm17-ce-22.3.0/lib/libnet.so
7fcb8589b000-7fcb8589c000 ---p 00015000 00:1e44 4611686019135192570      /nix/store/gpxl5qgg8kicmcvivwmybwjlpf7wh20l-graalvm17-ce-22.3.0/lib/libnet.so
7fcb8589c000-7fcb8589d000 r--p 00015000 00:1e44 4611686019135192570      /nix/store/gpxl5qgg8kicmcvivwmybwjlpf7wh20l-graalvm17-ce-22.3.0/lib/libnet.so
7fcb8589d000-7fcb8589e000 rw-p 00016000 00:1e44 4611686019135192570      /nix/store/gpxl5qgg8kicmcvivwmybwjlpf7wh20l-graalvm17-ce-22.3.0/lib/libnet.so
7fcb8589e000-7fcb858a1000 rw-p 0001b000 00:1e44 4611686019135192570      /nix/store/gpxl5qgg8kicmcvivwmybwjlpf7wh20l-graalvm17-ce-22.3.0/lib/libnet.so
7fcb858a1000-7fcb858b4000 r-xp 00000000 00:1e44 4611686019135192571      /nix/store/gpxl5qgg8kicmcvivwmybwjlpf7wh20l-graalvm17-ce-22.3.0/lib/libnio.so
7fcb858b4000-7fcb858b5000 r--p 00012000 00:1e44 4611686019135192571      /nix/store/gpxl5qgg8kicmcvivwmybwjlpf7wh20l-graalvm17-ce-22.3.0/lib/libnio.so
7fcb858b5000-7fcb858b6000 rw-p 00013000 00:1e44 4611686019135192571      /nix/store/gpxl5qgg8kicmcvivwmybwjlpf7wh20l-graalvm17-ce-22.3.0/lib/libnio.so
7fcb858b6000-7fcb858bb000 rw-p 00019000 00:1e44 4611686019135192571      /nix/store/gpxl5qgg8kicmcvivwmybwjlpf7wh20l-graalvm17-ce-22.3.0/lib/libnio.so
7fcb858bb000-7fcb858bc000 ---p 00000000 00:00 0 
7fcb858bc000-7fcb859bd000 rw-p 00000000 00:00 0 
7fcb859bd000-7fcb85a8b000 r-xp 00000000 00:1e44 4611686019135190036      /nix/store/gpxl5qgg8kicmcvivwmybwjlpf7wh20l-graalvm17-ce-22.3.0/lib/libjsvml.so
7fcb85a8b000-7fcb85a8c000 r--p 000cd000 00:1e44 4611686019135190036      /nix/store/gpxl5qgg8kicmcvivwmybwjlpf7wh20l-graalvm17-ce-22.3.0/lib/libjsvml.so
7fcb85a8c000-7fcb85a8d000 rw-p 000ce000 00:1e44 4611686019135190036      /nix/store/gpxl5qgg8kicmcvivwmybwjlpf7wh20l-graalvm17-ce-22.3.0/lib/libjsvml.so
7fcb85a8d000-7fcb872b0000 rw-p 00000000 00:00 0 
7fcb872b0000-7fcb872b1000 ---p 00000000 00:00 0 
7fcb872b1000-7fcb8745c000 rw-p 00000000 00:00 0 
7fcb8745c000-7fcb87482000 rw-p 00000000 00:00 0 
7fcb87482000-7fcb874b2000 ---p 00000000 00:00 0 
7fcb874b2000-7fcb874b3000 rw-p 00000000 00:00 0 
7fcb874b3000-7fcb87723000 rwxp 00000000 00:00 0 
7fcb87723000-7fcb87a42000 ---p 00000000 00:00 0 
7fcb87a42000-7fcb88a82000 rwxp 00000000 00:00 0 
7fcb88a82000-7fcb8ef7a000 ---p 00000000 00:00 0 
7fcb8ef7a000-7fcb8f1fa000 rwxp 00000000 00:00 0 
7fcb8f1fa000-7fcb964b3000 ---p 00000000 00:00 0 
7fcb964b3000-7fcba0000000 r--s 00000000 00:1e44 4611686019135192581      /nix/store/gpxl5qgg8kicmcvivwmybwjlpf7wh20l-graalvm17-ce-22.3.0/lib/modules
7fcba0000000-7fcba0618000 rw-p 00000000 00:00 0 
7fcba0618000-7fcba4000000 ---p 00000000 00:00 0 
7fcba4006000-7fcba4008000 r-xp 00000000 00:1e44 4611686019135190017      /nix/store/gpxl5qgg8kicmcvivwmybwjlpf7wh20l-graalvm17-ce-22.3.0/lib/libextnet.so
7fcba4008000-7fcba4009000 r--p 00001000 00:1e44 4611686019135190017      /nix/store/gpxl5qgg8kicmcvivwmybwjlpf7wh20l-graalvm17-ce-22.3.0/lib/libextnet.so
7fcba4009000-7fcba400a000 rw-p 00002000 00:1e44 4611686019135190017      /nix/store/gpxl5qgg8kicmcvivwmybwjlpf7wh20l-graalvm17-ce-22.3.0/lib/libextnet.so
7fcba400a000-7fcba400b000 rw-p 00004000 00:1e44 4611686019135190017      /nix/store/gpxl5qgg8kicmcvivwmybwjlpf7wh20l-graalvm17-ce-22.3.0/lib/libextnet.so
7fcba400b000-7fcba40c0000 rw-p 00000000 00:00 0 
7fcba40c0000-7fcba40c5000 rw-p 00000000 00:00 0 
7fcba40c5000-7fcba41ab000 ---p 00000000 00:00 0 
7fcba41ab000-7fcba41cc000 rw-p 00000000 00:00 0 
7fcba41cc000-7fcba4296000 ---p 00000000 00:00 0 
7fcba4296000-7fcba429b000 rw-p 00000000 00:00 0 
7fcba429b000-7fcba42a2000 ---p 00000000 00:00 0 
7fcba42a2000-7fcba42c6000 r-xp 00000000 00:1e44 4611686019135190028      /nix/store/gpxl5qgg8kicmcvivwmybwjlpf7wh20l-graalvm17-ce-22.3.0/lib/libjava.so
7fcba42c6000-7fcba42c7000 ---p 00024000 00:1e44 4611686019135190028      /nix/store/gpxl5qgg8kicmcvivwmybwjlpf7wh20l-graalvm17-ce-22.3.0/lib/libjava.so
7fcba42c7000-7fcba42c8000 r--p 00024000 00:1e44 4611686019135190028      /nix/store/gpxl5qgg8kicmcvivwmybwjlpf7wh20l-graalvm17-ce-22.3.0/lib/libjava.so
7fcba42c8000-7fcba42c9000 rw-p 00025000 00:1e44 4611686019135190028      /nix/store/gpxl5qgg8kicmcvivwmybwjlpf7wh20l-graalvm17-ce-22.3.0/lib/libjava.so
7fcba42c9000-7fcba42ca000 rw-p 00000000 00:00 0 
7fcba42ca000-7fcba42d1000 rw-p 0002f000 00:1e44 4611686019135190028      /nix/store/gpxl5qgg8kicmcvivwmybwjlpf7wh20l-graalvm17-ce-22.3.0/lib/libjava.so
7fcba42d1000-7fcba42d9000 rw-s 00000000 00:568 350                       /tmp/hsperfdata_runner/32
7fcba42d9000-7fcba42da000 ---p 00000000 00:00 0 
7fcba42da000-7fcba42db000 r--p 00000000 00:00 0 
7fcba42db000-7fcba42dc000 rwxp 00000000 00:00 0 
7fcba42dc000-7fcba42f7000 r-xp 00000000 00:1e44 4611686019135190032      /nix/store/gpxl5qgg8kicmcvivwmybwjlpf7wh20l-graalvm17-ce-22.3.0/lib/libjimage.so
7fcba42f7000-7fcba42f8000 ---p 0001b000 00:1e44 4611686019135190032      /nix/store/gpxl5qgg8kicmcvivwmybwjlpf7wh20l-graalvm17-ce-22.3.0/lib/libjimage.so
7fcba42f8000-7fcba42fa000 r--p 0001b000 00:1e44 4611686019135190032      /nix/store/gpxl5qgg8kicmcvivwmybwjlpf7wh20l-graalvm17-ce-22.3.0/lib/libjimage.so
7fcba42fa000-7fcba42fb000 rw-p 0001d000 00:1e44 4611686019135190032      /nix/store/gpxl5qgg8kicmcvivwmybwjlpf7wh20l-graalvm17-ce-22.3.0/lib/libjimage.so
7fcba42fb000-7fcba42fc000 rw-p 00024000 00:1e44 4611686019135190032      /nix/store/gpxl5qgg8kicmcvivwmybwjlpf7wh20l-graalvm17-ce-22.3.0/lib/libjimage.so
7fcba42fc000-7fcba4300000 ---p 00000000 00:00 0 
7fcba4300000-7fcba43fc000 rw-p 00000000 00:00 0 
7fcba43fc000-7fcba440a000 r--p 00000000 00:1e44 4611686019027979927      /nix/store/4nlgxhb09sdr51nc9hdm8az5b08vzkgx-glibc-2.35-163/lib/libm.so.6
7fcba440a000-7fcba447d000 r-xp 0000e000 00:1e44 4611686019027979927      /nix/store/4nlgxhb09sdr51nc9hdm8az5b08vzkgx-glibc-2.35-163/lib/libm.so.6
7fcba447d000-7fcba44da000 r--p 00081000 00:1e44 4611686019027979927      /nix/store/4nlgxhb09sdr51nc9hdm8az5b08vzkgx-glibc-2.35-163/lib/libm.so.6
7fcba44da000-7fcba44db000 r--p 000dd000 00:1e44 4611686019027979927      /nix/store/4nlgxhb09sdr51nc9hdm8az5b08vzkgx-glibc-2.35-163/lib/libm.so.6
7fcba44db000-7fcba44dc000 rw-p 000de000 00:1e44 4611686019027979927      /nix/store/4nlgxhb09sdr51nc9hdm8az5b08vzkgx-glibc-2.35-163/lib/libm.so.6
7fcba44dc000-7fcba44dd000 r--p 00000000 00:1e44 4611686019027979946      /nix/store/4nlgxhb09sdr51nc9hdm8az5b08vzkgx-glibc-2.35-163/lib/librt.so.1
7fcba44dd000-7fcba44de000 r-xp 00001000 00:1e44 4611686019027979946      /nix/store/4nlgxhb09sdr51nc9hdm8az5b08vzkgx-glibc-2.35-163/lib/librt.so.1
7fcba44de000-7fcba44df000 r--p 00002000 00:1e44 4611686019027979946      /nix/store/4nlgxhb09sdr51nc9hdm8az5b08vzkgx-glibc-2.35-163/lib/librt.so.1
7fcba44df000-7fcba44e0000 r--p 00002000 00:1e44 4611686019027979946      /nix/store/4nlgxhb09sdr51nc9hdm8az5b08vzkgx-glibc-2.35-163/lib/librt.so.1
7fcba44e0000-7fcba44e1000 rw-p 00003000 00:1e44 4611686019027979946      /nix/store/4nlgxhb09sdr51nc9hdm8az5b08vzkgx-glibc-2.35-163/lib/librt.so.1
7fcba44e1000-7fcba55f4000 r-xp 00000000 00:1e44 4611686019135360866      /nix/store/gpxl5qgg8kicmcvivwmybwjlpf7wh20l-graalvm17-ce-22.3.0/lib/server/libjvm.so
7fcba55f4000-7fcba55f5000 ---p 01113000 00:1e44 4611686019135360866      /nix/store/gpxl5qgg8kicmcvivwmybwjlpf7wh20l-graalvm17-ce-22.3.0/lib/server/libjvm.so
7fcba55f5000-7fcba56aa000 r--p 01113000 00:1e44 4611686019135360866      /nix/store/gpxl5qgg8kicmcvivwmybwjlpf7wh20l-graalvm17-ce-22.3.0/lib/server/libjvm.so
7fcba56aa000-7fcba56de000 rw-p 011c8000 00:1e44 4611686019135360866      /nix/store/gpxl5qgg8kicmcvivwmybwjlpf7wh20l-graalvm17-ce-22.3.0/lib/server/libjvm.so
7fcba56de000-7fcba573a000 rw-p 00000000 00:00 0 
7fcba573a000-7fcba5762000 r--p 00000000 00:1e44 4611686019027979918      /nix/store/4nlgxhb09sdr51nc9hdm8az5b08vzkgx-glibc-2.35-163/lib/libc.so.6
7fcba5762000-7fcba58d8000 r-xp 00028000 00:1e44 4611686019027979918      /nix/store/4nlgxhb09sdr51nc9hdm8az5b08vzkgx-glibc-2.35-163/lib/libc.so.6
7fcba58d8000-7fcba5930000 r--p 0019e000 00:1e44 4611686019027979918      /nix/store/4nlgxhb09sdr51nc9hdm8az5b08vzkgx-glibc-2.35-163/lib/libc.so.6
7fcba5930000-7fcba5934000 r--p 001f6000 00:1e44 4611686019027979918      /nix/store/4nlgxhb09sdr51nc9hdm8az5b08vzkgx-glibc-2.35-163/lib/libc.so.6
7fcba5934000-7fcba5936000 rw-p 001fa000 00:1e44 4611686019027979918      /nix/store/4nlgxhb09sdr51nc9hdm8az5b08vzkgx-glibc-2.35-163/lib/libc.so.6
7fcba5936000-7fcba5945000 rw-p 00000000 00:00 0 
7fcba5945000-7fcba5946000 r--p 00000000 00:1e44 4611686019027979923      /nix/store/4nlgxhb09sdr51nc9hdm8az5b08vzkgx-glibc-2.35-163/lib/libdl.so.2
7fcba5946000-7fcba5947000 r-xp 00001000 00:1e44 4611686019027979923      /nix/store/4nlgxhb09sdr51nc9hdm8az5b08vzkgx-glibc-2.35-163/lib/libdl.so.2
7fcba5947000-7fcba5948000 r--p 00002000 00:1e44 4611686019027979923      /nix/store/4nlgxhb09sdr51nc9hdm8az5b08vzkgx-glibc-2.35-163/lib/libdl.so.2
7fcba5948000-7fcba5949000 r--p 00002000 00:1e44 4611686019027979923      /nix/store/4nlgxhb09sdr51nc9hdm8az5b08vzkgx-glibc-2.35-163/lib/libdl.so.2
7fcba5949000-7fcba594a000 rw-p 00003000 00:1e44 4611686019027979923      /nix/store/4nlgxhb09sdr51nc9hdm8az5b08vzkgx-glibc-2.35-163/lib/libdl.so.2
7fcba594a000-7fcba594b000 r--p 00000000 00:1e44 4611686019027979942      /nix/store/4nlgxhb09sdr51nc9hdm8az5b08vzkgx-glibc-2.35-163/lib/libpthread.so.0
7fcba594b000-7fcba594c000 r-xp 00001000 00:1e44 4611686019027979942      /nix/store/4nlgxhb09sdr51nc9hdm8az5b08vzkgx-glibc-2.35-163/lib/libpthread.so.0
7fcba594c000-7fcba594d000 r--p 00002000 00:1e44 4611686019027979942      /nix/store/4nlgxhb09sdr51nc9hdm8az5b08vzkgx-glibc-2.35-163/lib/libpthread.so.0
7fcba594d000-7fcba594e000 r--p 00002000 00:1e44 4611686019027979942      /nix/store/4nlgxhb09sdr51nc9hdm8az5b08vzkgx-glibc-2.35-163/lib/libpthread.so.0
7fcba594e000-7fcba594f000 rw-p 00003000 00:1e44 4611686019027979942      /nix/store/4nlgxhb09sdr51nc9hdm8az5b08vzkgx-glibc-2.35-163/lib/libpthread.so.0
7fcba594f000-7fcba595d000 r-xp 00000000 00:1e44 4611686019135190033      /nix/store/gpxl5qgg8kicmcvivwmybwjlpf7wh20l-graalvm17-ce-22.3.0/lib/libjli.so
7fcba595d000-7fcba595e000 ---p 0000e000 00:1e44 4611686019135190033      /nix/store/gpxl5qgg8kicmcvivwmybwjlpf7wh20l-graalvm17-ce-22.3.0/lib/libjli.so
7fcba595e000-7fcba595f000 r--p 0000e000 00:1e44 4611686019135190033      /nix/store/gpxl5qgg8kicmcvivwmybwjlpf7wh20l-graalvm17-ce-22.3.0/lib/libjli.so
7fcba595f000-7fcba5960000 rw-p 0000f000 00:1e44 4611686019135190033      /nix/store/gpxl5qgg8kicmcvivwmybwjlpf7wh20l-graalvm17-ce-22.3.0/lib/libjli.so
7fcba5960000-7fcba5961000 rw-p 00012000 00:1e44 4611686019135190033      /nix/store/gpxl5qgg8kicmcvivwmybwjlpf7wh20l-graalvm17-ce-22.3.0/lib/libjli.so
7fcba5961000-7fcba5964000 r--p 00000000 00:1e44 4611686019106210071      /nix/store/026hln0aq1hyshaxsdvhg0kmcm6yf45r-zlib-1.2.13/lib/libz.so.1.2.13
7fcba5964000-7fcba5976000 r-xp 00003000 00:1e44 4611686019106210071      /nix/store/026hln0aq1hyshaxsdvhg0kmcm6yf45r-zlib-1.2.13/lib/libz.so.1.2.13
7fcba5976000-7fcba597d000 r--p 00015000 00:1e44 4611686019106210071      /nix/store/026hln0aq1hyshaxsdvhg0kmcm6yf45r-zlib-1.2.13/lib/libz.so.1.2.13
7fcba597d000-7fcba597e000 r--p 0001b000 00:1e44 4611686019106210071      /nix/store/026hln0aq1hyshaxsdvhg0kmcm6yf45r-zlib-1.2.13/lib/libz.so.1.2.13
7fcba597e000-7fcba597f000 rw-p 0001c000 00:1e44 4611686019106210071      /nix/store/026hln0aq1hyshaxsdvhg0kmcm6yf45r-zlib-1.2.13/lib/libz.so.1.2.13
7fcba597f000-7fcba5981000 rw-p 00000000 00:00 0 
7fcba5981000-7fcba5983000 r--p 00000000 00:1e44 4611686019027979912      /nix/store/4nlgxhb09sdr51nc9hdm8az5b08vzkgx-glibc-2.35-163/lib/ld-linux-x86-64.so.2
7fcba5983000-7fcba59aa000 r-xp 00002000 00:1e44 4611686019027979912      /nix/store/4nlgxhb09sdr51nc9hdm8az5b08vzkgx-glibc-2.35-163/lib/ld-linux-x86-64.so.2
7fcba59aa000-7fcba59b6000 r--p 00029000 00:1e44 4611686019027979912      /nix/store/4nlgxhb09sdr51nc9hdm8az5b08vzkgx-glibc-2.35-163/lib/ld-linux-x86-64.so.2
7fcba59b6000-7fcba59b8000 r--p 00034000 00:1e44 4611686019027979912      /nix/store/4nlgxhb09sdr51nc9hdm8az5b08vzkgx-glibc-2.35-163/lib/ld-linux-x86-64.so.2
7fcba59b8000-7fcba59ba000 rw-p 00036000 00:1e44 4611686019027979912      /nix/store/4nlgxhb09sdr51nc9hdm8az5b08vzkgx-glibc-2.35-163/lib/ld-linux-x86-64.so.2
7ffdcb622000-7ffdcb647000 rw-p 00000000 00:00 0                          [stack]
7ffdcb659000-7ffdcb65d000 r--p 00000000 00:00 0                          [vvar]
7ffdcb65d000-7ffdcb65f000 r-xp 00000000 00:00 0                          [vdso]
ffffffffff600000-ffffffffff601000 --xp 00000000 00:00 0                  [vsyscall]


VM Arguments:
jvm_args: -XX:ThreadPriorityPolicy=1 -XX:+UnlockExperimentalVMOptions -XX:+EnableJVMCIProduct -XX:JVMCIThreadsPerNativeLibraryRuntime=1 -XX:-UnlockExperimentalVMOptions -Declipse.application=org.eclipse.jdt.ls.core.id1 -Dosgi.bundles.defaultStartLevel=4 -Declipse.product=org.eclipse.jdt.ls.core.product -Dlog.level=ALL -Xverify:none -XX:+UseParallelGC -XX:GCTimeRatio=4 -XX:AdaptiveSizePolicyWeight=90 -Dsun.zip.disableMemoryMapping=true -Xmx512m -Xms100m 
java_command: /nix/store/m6gcpi1ii6rghy04cjwjddcavv7i90df-jdt-language-server-1.9.0/share/java/plugins/org.eclipse.equinox.launcher_1.6.400.v20210924-0641.jar --add-modules=ALL-SYSTEM --add-opens java.base/java.util=ALL-UNNAMED --add-opens java.base/java.lang=ALL-UNNAMED -configuration /home/runner/.cache/jdt-language-server/config -data /home/runner/.cache/jdt-language-server/data/home/runner/HadoopWordCounter
java_class_path (initial): /nix/store/m6gcpi1ii6rghy04cjwjddcavv7i90df-jdt-language-server-1.9.0/share/java/plugins/org.eclipse.equinox.launcher_1.6.400.v20210924-0641.jar
Launcher Type: SUN_STANDARD

[Global flags]
    uintx AdaptiveSizePolicyWeight                 = 90                                        {product} {command line}
     intx CICompilerCount                          = 2                                         {product} {ergonomic}
     bool EnableJVMCIProduct                       = true                                {JVMCI product} {jimage}
    uintx GCTimeRatio                              = 4                                         {product} {command line}
   size_t InitialHeapSize                          = 104857600                                 {product} {command line}
     uint JVMCIThreadsPerNativeLibraryRuntime      = 1                                   {JVMCI product} {jimage}
   size_t MaxHeapSize                              = 536870912                                 {product} {command line}
   size_t MaxNewSize                               = 178782208                                 {product} {ergonomic}
   size_t MinHeapDeltaBytes                        = 524288                                    {product} {ergonomic}
   size_t MinHeapSize                              = 104857600                                 {product} {command line}
   size_t NewSize                                  = 34603008                                  {product} {ergonomic}
    uintx NonNMethodCodeHeapSize                   = 5826188                                {pd product} {ergonomic}
    uintx NonProfiledCodeHeapSize                  = 122916026                              {pd product} {ergonomic}
   size_t OldSize                                  = 70254592                                  {product} {ergonomic}
    uintx ProfiledCodeHeapSize                     = 122916026                              {pd product} {ergonomic}
    uintx ReservedCodeCacheSize                    = 251658240                              {pd product} {ergonomic}
     bool SegmentedCodeCache                       = true                                      {product} {ergonomic}
   size_t SoftMaxHeapSize                          = 536870912                              {manageable} {ergonomic}
     intx ThreadPriorityPolicy                     = 1                                         {product} {jimage}
     bool UseCompressedClassPointers               = true                           {product lp64_product} {ergonomic}
     bool UseCompressedOops                        = true                           {product lp64_product} {ergonomic}
     bool UseParallelGC                            = true                                      {product} {command line}

Logging:
Log output configuration:
 #0: stdout all=warning uptime,level,tags
 #1: stderr all=off uptime,level,tags

Environment Variables:
JAVA_HOME=/nix/store/gpxl5qgg8kicmcvivwmybwjlpf7wh20l-graalvm17-ce-22.3.0
PATH=/nix/store/1d6ian3r8kdzspw8hacjhl3xkp40g1lj-binutils-wrapper-2.39/bin:/nix/store/dq0xwmsk1g0i2ayg6pb7y87na2knzylh-gcc-wrapper-11.3.0/bin:/nix/store/bap4d0lpcrhpwmpb8ayjcgkmvfj62lnq-bash-interactive-5.1-p16/bin:/nix/store/pr5n59mb4jzmfx6kanwxly0l07p861fg-patchelf-0.15.0/bin:/nix/store/1gf2flfqnpqbr1b4p4qz2f72y42bs56r-gcc-11.3.0/bin:/nix/store/57xv61c5zi8pphjbcwxxjlgc34p61ic9-glibc-2.35-163-bin/bin:/nix/store/a7gvj343m05j2s32xcnwr35v31ynlypr-coreutils-9.1/bin:/nix/store/039g378vc3pc3dvi9dzdlrd0i4q93qwf-binutils-2.39/bin:/nix/store/5wq7080jgnp0j8fc477ql3khl6hbibm2-imagemagick-6.9.12-26-dev/bin:/nix/store/63ncbq2mzg4cc1l6r81rzf1r4zgsdm0a-fftw-double-3.3.10-dev/bin:/nix/store/67n7ypjxgg0k63ysvgyhyfg7paa2hgsx-imagemagick-6.9.12-26/bin:/nix/store/gpxl5qgg8kicmcvivwmybwjlpf7wh20l-graalvm17-ce-22.3.0/bin:/nix/store/6z9ag3ihc8mq2hzsw48lhbznvzny65nz-apache-maven-3.8.6/bin:/nix/store/m6gcpi1ii6rghy04cjwjddcavv7i90df-jdt-language-server-1.9.0/bin:/nix/store/84xs5alhs01zrbr4ywm05kxbjbp5590l-java-debug/bin:/nix/store/mydc6f4k2z73xlcz7ilif3v2lcaiqvza-findutils-4.9.0/bin:/nix/store/j9p3g8472iijd50vhdprx0nmk2fqn5gv-diffutils-3.8/bin:/nix/store/89zs7rms6x00xfq4dq6m7mjnhkr8a6r4-gnused-4.8/bin:/nix/store/86bp03jkmsl6f92w0yzg4s59g5mhxwmy-gnugrep-3.7/bin:/nix/store/hwcdqw4jrjnd37wxqgsd47hd0j8bnj09-gawk-5.1.1/bin:/nix/store/cfbhw8r8ags41vwqaz47r583d0p4h4a1-gnutar-1.34/bin:/nix/store/p3m1ndl1lapwrlh698bnb5lvvxh67378-gzip-1.12/bin:/nix/store/a8mhcagrsly7c7mpjrpsnaahk4aax056-bzip2-1.0.8-bin/bin:/nix/store/mblgz65m3zv9x548a3d5m96fj2pbwr09-gnumake-4.3/bin:/nix/store/dsd5gz46hdbdk2rfdimqddhq6m8m8fqs-bash-5.1-p16/bin:/nix/store/v7ljksji50mg3w61dykaa3n3y79n6nil-patch-2.7.6/bin:/nix/store/zlcnmqq14jz5x9439jf937mvayyl63da-xz-5.2.7-bin/bin:/nix/store/y6aj732zm9m87c82fpvf103a1xb22blp-file-5.43/bin:/nix/store/i4kzir3m7mrisxmf5xvlnkw01x4qaqr4-prybar-elisp-0.0.0-e0d9a52/bin:/nix/store/lwwivxf6h7x3cvxp9zv8sj0mv7dak99r-prybar-lua-0.0.0-e0d9a52/bin:/nix/store/gxj28g1cg4hq3qanmjv07156h800qr58-prybar-python
LD_LIBRARY_PATH=/nix/store/a4pff549sk2idnkpzk5nsfps3mdkdnvm-cups-2.4.2-lib/lib:/nix/store/72mqxxhh3cy5yifh92wh2yb8cl2hikyy-cairo-1.16.0/lib:/nix/store/2k366jrbsra97gjfxwvrhvixjfxdach5-glib-2.74.1/lib:/nix/store/2j2znigd8ak37rlwh9khz0ry3clqlw1l-gtk+3-3.24.34/lib:/nix/store/hisqvx32cd57apbpcsnkpx6k3549wql1-libglvnd-1.4.0/lib:/nix/store/p36pgcv991mq5srvg765b78yqpxvk3qs-mesa-21.3.3-drivers/lib:/nix/store/mav4251if1ahjq5vkpwycyyvnmy459c4-pulseaudio-14.2/lib
DISPLAY=:0
LANG=en_US.UTF-8

Signal Handlers:
   SIGSEGV: crash_handler in libjvm.so, mask=11100100010111111101111111111110, flags=SA_RESTART|SA_SIGINFO
    SIGBUS: crash_handler in libjvm.so, mask=11100100010111111101111111111110, flags=SA_RESTART|SA_SIGINFO
    SIGFPE: crash_handler in libjvm.so, mask=11100100010111111101111111111110, flags=SA_RESTART|SA_SIGINFO
   SIGPIPE: IsolateEnterStub_IgnoreSIGPIPEStartupHook_noopSignalHandler_8f19bff2f35b5f630d83b364d6b2339320d4ec70_216e8361c6bc87a8f89f58cc10d3b2fd4415bf87 in libjvmcicompiler.so, mask=00000000000000000000000000000000, flags=SA_RESTART
  *** Handler was modified!
  *** Expected: javaSignalHandler in libjvm.so, mask=11100100110111111111111111111110, flags=SA_RESTART|SA_SIGINFO
   SIGXFSZ: javaSignalHandler in libjvm.so, mask=11100100010111111101111111111110, flags=SA_RESTART|SA_SIGINFO
    SIGILL: crash_handler in libjvm.so, mask=11100100010111111101111111111110, flags=SA_RESTART|SA_SIGINFO
   SIGUSR2: SR_handler in libjvm.so, mask=00000000000000000000000000000000, flags=SA_RESTART|SA_SIGINFO
    SIGHUP: UserHandler in libjvm.so, mask=11100100010111111101111111111110, flags=SA_RESTART|SA_SIGINFO
    SIGINT: UserHandler in libjvm.so, mask=11100100010111111101111111111110, flags=SA_RESTART|SA_SIGINFO
   SIGTERM: UserHandler in libjvm.so, mask=11100100010111111101111111111110, flags=SA_RESTART|SA_SIGINFO
   SIGQUIT: UserHandler in libjvm.so, mask=11100100010111111101111111111110, flags=SA_RESTART|SA_SIGINFO
  *** Handler was modified!
  *** Expected: javaSignalHandler in libjvm.so, mask=11100100110111111111111111111110, flags=SA_RESTART|SA_SIGINFO
   SIGTRAP: crash_handler in libjvm.so, mask=11100100010111111101111111111110, flags=SA_RESTART|SA_SIGINFO


---------------  S Y S T E M  ---------------

OS:
DISTRIB_ID=Ubuntu
DISTRIB_RELEASE=20.04
DISTRIB_CODENAME=focal
DISTRIB_DESCRIPTION="Ubuntu 20.04.2 LTS"
uname: Linux 5.15.0-1030-gcp #37~20.04.1-Ubuntu SMP Mon Feb 20 04:30:57 UTC 2023 x86_64
OS uptime: 0 days 1:19 hours
libc: glibc 2.35 NPTL 2.35 
rlimit (soft/hard): STACK 8192k/infinity , CORE infinity/infinity , NPROC infinity/infinity , NOFILE 5242/5242 , AS infinity/infinity , CPU infinity/infinity , DATA infinity/infinity , FSIZE infinity/infinity , MEMLOCK 64k/64k
load average: 44.90 37.11 30.08

/proc/meminfo:
MemTotal:       65852732 kB
MemFree:        12650404 kB
MemAvailable:   44534956 kB
Buffers:         1501020 kB
Cached:         29408492 kB
SwapCached:            0 kB
Active:          7277520 kB
Inactive:       41691272 kB
Active(anon):      17684 kB
Inactive(anon): 18054156 kB
Active(file):    7259836 kB
Inactive(file): 23637116 kB
Unevictable:       43184 kB
Mlocked:           43184 kB
SwapTotal:             0 kB
SwapFree:              0 kB
Dirty:              4656 kB
Writeback:             0 kB
AnonPages:      17549860 kB
Mapped:          1964384 kB
Shmem:            200928 kB
KReclaimable:    1714200 kB
Slab:            3046736 kB
SReclaimable:    1714200 kB
SUnreclaim:      1332536 kB
KernelStack:      463756 kB
PageTables:       213444 kB
NFS_Unstable:          0 kB
Bounce:                0 kB
WritebackTmp:          0 kB
CommitLimit:    32926364 kB
Committed_AS:   77672688 kB
VmallocTotal:   34359738367 kB
VmallocUsed:      505852 kB
VmallocChunk:          0 kB
Percpu:            62848 kB
HardwareCorrupted:     0 kB
AnonHugePages:   1789952 kB
ShmemHugePages:        0 kB
ShmemPmdMapped:        0 kB
FileHugePages:         0 kB
FilePmdMapped:         0 kB
HugePages_Total:       0
HugePages_Free:        0
HugePages_Rsvd:        0
HugePages_Surp:        0
Hugepagesize:       2048 kB
Hugetlb:               0 kB
DirectMap4k:     3150656 kB
DirectMap2M:    55566336 kB
DirectMap1G:    10485760 kB

/sys/kernel/mm/transparent_hugepage/enabled: always [madvise] never
/sys/kernel/mm/transparent_hugepage/defrag (defrag/compaction efforts parameter): always defer defer+madvise [madvise] never

Process Memory:
Virtual Size: 4855424K (peak: 4918080K)
Resident Set Size: 771728K (peak: 806420K) (anon: 575508K, file: 196220K, shmem: 0K)
Swapped out: 0K
C-Heap outstanding allocations: 43829K, retained: 14994K
glibc malloc tunables: (default)

/proc/sys/kernel/threads-max (system-wide limit on the number of threads): 514406
/proc/sys/vm/max_map_count (maximum number of memory map areas a process may have): 65530
/proc/sys/kernel/pid_max (system-wide limit on number of process identifiers): 4194304

container (cgroup) information:
container_type: cgroupv1
cpu_cpuset_cpus: 2-7
cpu_memory_nodes: 0
active_processor_count: 1
cpu_quota: 50000
cpu_period: 100000
cpu_shares: 512
memory_limit_in_bytes: 1048576 k
memory_and_swap_limit_in_bytes: 1048576 k
memory_soft_limit_in_bytes: 524288 k
memory_usage_in_bytes: 632308 k
memory_max_usage_in_bytes: 840016 k
maximum number of tasks: 1000
current number of tasks: 50

KVM virtualization detected
Steal ticks since vm start: 0
Steal ticks percentage since vm start:  0.000

CPU: total 8 (initial active 1) (8 cores per cpu, 2 threads per core) family 23 model 49 stepping 0 microcode 0xffffffff, cx8, cmov, fxsr, ht, mmx, 3dnowpref, sse, sse2, sse3, ssse3, sse4a, sse4.1, sse4.2, popcnt, lzcnt, tsc, tscinvbit, avx, avx2, aes, clmul, bmi1, bmi2, adx, sha, fma, vzeroupper, clflush, clflushopt, hv
CPU Model and flags from /proc/cpuinfo:
model name	: AMD EPYC 7B12
flags		: fpu vme de pse tsc msr pae mce cx8 apic sep mtrr pge mca cmov pat pse36 clflush mmx fxsr sse sse2 ht syscall nx mmxext fxsr_opt pdpe1gb rdtscp lm constant_tsc rep_good nopl nonstop_tsc cpuid extd_apicid tsc_known_freq pni pclmulqdq ssse3 fma cx16 sse4_1 sse4_2 movbe popcnt aes xsave avx f16c rdrand hypervisor lahf_lm cmp_legacy cr8_legacy abm sse4a misalignsse 3dnowprefetch osvw topoext ssbd ibrs ibpb stibp vmmcall fsgsbase tsc_adjust bmi1 avx2 smep bmi2 rdseed adx smap clflushopt clwb sha_ni xsaveopt xsavec xgetbv1 clzero xsaveerptr arat npt nrip_save umip rdpid

Online cpus: 0-7
Offline cpus: 
BIOS frequency limitation: <Not Available>
Frequency switch latency (ns): <Not Available>
Available cpu frequencies: <Not Available>
Current governor: <Not Available>
Core performance/turbo boost: <Not Available>

Memory: 4k page, physical 1048576k(416344k free), swap 0k(0k free)
Page Sizes: 4k

vm_info: OpenJDK 64-Bit Server VM (17.0.5+8-jvmci-22.3-b08) for linux-amd64 JRE (17.0.5+8-jvmci-22.3-b08), built on Oct 19 2022 09:01:27 by "buildslave" with gcc 10.3.0

END.
